Hmm ... looks like a package

This is pdfTeX, Version 3.14159265-2.6-1.40.15 (TeX Live 2014) (preloaded format=pdflatex)
 restricted \write18 enabled.
entering extended mode

(/private/var/folders/1_/fz0p5qtn48x1f2y4z2np7tm80000gn/T/RtmpgklLKj/Rd2pdf2a5a
346a4cb4/Rd2.tex
LaTeX2e <2014/05/01>
Babel <3.9k> and hyphenation patterns for 78 languages loaded.

(/usr/local/texlive/2014/texmf-dist/tex/latex/base/book.cls
Document Class: book 2007/10/19 v1.4h Standard LaTeX document class
(/usr/local/texlive/2014/texmf-dist/tex/latex/base/bk10.clo))
(/usr/local/Cellar/r/3.1.2_1/R.framework/Resources/share/texmf/tex/latex/Rd.sty
(/usr/local/texlive/2014/texmf-dist/tex/latex/base/ifthen.sty)
(/usr/local/texlive/2014/texmf-dist/tex/latex/tools/longtable.sty)
(/usr/local/texlive/2014/texmf-dist/tex/latex/tools/bm.sty)
(/usr/local/texlive/2014/texmf-dist/tex/latex/base/alltt.sty)
(/usr/local/texlive/2014/texmf-dist/tex/latex/tools/verbatim.sty)
(/usr/local/texlive/2014/texmf-dist/tex/latex/url/url.sty)
(/usr/local/texlive/2014/texmf-dist/tex/latex/base/textcomp.sty
(/usr/local/texlive/2014/texmf-dist/tex/latex/base/ts1enc.def))
(/usr/local/texlive/2014/texmf-dist/tex/latex/base/fontenc.sty
(/usr/local/texlive/2014/texmf-dist/tex/latex/base/t1enc.def))
(/usr/local/texlive/2014/texmf-dist/tex/latex/psnfss/times.sty)
(/usr/local/texlive/2014/texmf-dist/tex/latex/inconsolata/zi4.sty
(/usr/local/texlive/2014/texmf-dist/tex/latex/graphics/keyval.sty))
(/usr/local/texlive/2014/texmf-dist/tex/latex/graphics/color.sty
(/usr/local/texlive/2014/texmf-dist/tex/latex/latexconfig/color.cfg)
(/usr/local/texlive/2014/texmf-dist/tex/latex/pdftex-def/pdftex.def
(/usr/local/texlive/2014/texmf-dist/tex/generic/oberdiek/infwarerr.sty)
(/usr/local/texlive/2014/texmf-dist/tex/generic/oberdiek/ltxcmds.sty)))
(/usr/local/texlive/2014/texmf-dist/tex/latex/hyperref/hyperref.sty
(/usr/local/texlive/2014/texmf-dist/tex/generic/oberdiek/hobsub-hyperref.sty
(/usr/local/texlive/2014/texmf-dist/tex/generic/oberdiek/hobsub-generic.sty))
(/usr/local/texlive/2014/texmf-dist/tex/generic/ifxetex/ifxetex.sty)
(/usr/local/texlive/2014/texmf-dist/tex/latex/oberdiek/auxhook.sty)
(/usr/local/texlive/2014/texmf-dist/tex/latex/oberdiek/kvoptions.sty)
(/usr/local/texlive/2014/texmf-dist/tex/latex/hyperref/pd1enc.def)
(/usr/local/texlive/2014/texmf-dist/tex/latex/latexconfig/hyperref.cfg))

Package hyperref Message: Driver (autodetected): hpdftex.

(/usr/local/texlive/2014/texmf-dist/tex/latex/hyperref/hpdftex.def
(/usr/local/texlive/2014/texmf-dist/tex/latex/oberdiek/rerunfilecheck.sty))

Package hyperref Warning: Option `hyperindex' has already been used,
(hyperref)                setting the option has no effect on input line 366.


Package hyperref Warning: Option `pagebackref' has already been used,
(hyperref)                setting the option has no effect on input line 366.

) (/usr/local/texlive/2014/texmf-dist/tex/latex/base/makeidx.sty)
(/usr/local/texlive/2014/texmf-dist/tex/latex/base/inputenc.sty
(/usr/local/texlive/2014/texmf-dist/tex/latex/base/utf8.def
(/usr/local/texlive/2014/texmf-dist/tex/latex/base/t1enc.dfu)
(/usr/local/texlive/2014/texmf-dist/tex/latex/base/ot1enc.dfu)
(/usr/local/texlive/2014/texmf-dist/tex/latex/base/omsenc.dfu)
(/usr/local/texlive/2014/texmf-dist/tex/latex/base/ts1enc.dfu))
(/usr/local/texlive/2014/texmf-dist/tex/latex/base/latin1.def))
Writing index file Rd2.idx
No file Rd2.aux.
(/usr/local/texlive/2014/texmf-dist/tex/latex/base/ts1cmr.fd)
(/usr/local/texlive/2014/texmf-dist/tex/latex/psnfss/t1ptm.fd)
(/usr/local/texlive/2014/texmf-dist/tex/context/base/supp-pdf.mkii
[Loading MPS to PDF converter (version 2006.09.02).]
) (/usr/local/texlive/2014/texmf-dist/tex/latex/hyperref/nameref.sty
(/usr/local/texlive/2014/texmf-dist/tex/generic/oberdiek/gettitlestring.sty))
(/usr/local/texlive/2014/texmf-dist/tex/latex/inconsolata/t1zi4.fd)
(/usr/local/texlive/2014/texmf-dist/tex/latex/psnfss/t1phv.fd)
(/usr/local/texlive/2014/texmf-dist/tex/latex/base/utf8.def) [1{/usr/local/texl
ive/2014/texmf-var/fonts/map/pdftex/updmap/pdftex.map}] [2]
Overfull \hbox (72.2592pt too wide) in paragraph at lines 104--105
[]\T1/ptm/m/n/10 Michael D. Ward <\T1/zi4/m/n/10 <michael.d.ward@duke.edu>\T1/p
tm/m/n/10 > and Ja-cob M. Mont-gomery <\T1/zi4/m/n/10 <jacob.montgomery@wustl.e
du>\T1/ptm/m/n/10 >

Overfull \hbox (46.68091pt too wide) in paragraph at lines 129--129
 []\T1/zi4/m/n/9 this.ForecastData <- makeForecastData(.predCalibration=calibra
tionSample[,c("LMER", "SAE", "GLM")],[] 

Overfull \hbox (52.9809pt too wide) in paragraph at lines 130--130
 []\T1/zi4/m/n/9 .outcomeCalibration=calibrationSample[,"Insurgency"],.predTest
=testSample[,c("LMER", "SAE", "GLM")],[] 
(/usr/local/texlive/2014/texmf-dist/tex/latex/base/utf8.def) [3]
(/usr/local/texlive/2014/texmf-dist/tex/latex/psnfss/ts1ptm.fd)
(/usr/local/texlive/2014/texmf-dist/tex/latex/base/utf8.def) [4]
Overfull \hbox (72.2592pt too wide) in paragraph at lines 205--206
[]\T1/ptm/m/n/10 Michael D. Ward <\T1/zi4/m/n/10 <michael.d.ward@duke.edu>\T1/p
tm/m/n/10 > and Ja-cob M. Mont-gomery <\T1/zi4/m/n/10 <jacob.montgomery@wustl.e
du>\T1/ptm/m/n/10 >

Overfull \hbox (46.68091pt too wide) in paragraph at lines 224--224
 []\T1/zi4/m/n/9 this.ForecastData <- makeForecastData(.predCalibration=calibra
tionSample[,c("LMER", "SAE", "GLM")],[] 
[5]
Overfull \hbox (52.9809pt too wide) in paragraph at lines 225--225
 []\T1/zi4/m/n/9 .outcomeCalibration=calibrationSample[,"Insurgency"],.predTest
=testSample[,c("LMER", "SAE", "GLM")],[] 
(/usr/local/texlive/2014/texmf-dist/tex/latex/base/utf8.def)
Overfull \hbox (72.2592pt too wide) in paragraph at lines 246--247
[]\T1/ptm/m/n/10 Michael D. Ward <\T1/zi4/m/n/10 <michael.d.ward@duke.edu>\T1/p
tm/m/n/10 > and Ja-cob M. Mont-gomery <\T1/zi4/m/n/10 <jacob.montgomery@wustl.e
du>\T1/ptm/m/n/10 >
[6] (/usr/local/texlive/2014/texmf-dist/tex/latex/base/utf8.def)
Overfull \hbox (72.2592pt too wide) in paragraph at lines 313--314
[]\T1/ptm/m/n/10 Michael D. Ward <\T1/zi4/m/n/10 <michael.d.ward@duke.edu>\T1/p
tm/m/n/10 > and Ja-cob M. Mont-gomery <\T1/zi4/m/n/10 <jacob.montgomery@wustl.e
du>\T1/ptm/m/n/10 >
[7] (/usr/local/texlive/2014/texmf-dist/tex/latex/base/utf8.def)
Overfull \hbox (72.2592pt too wide) in paragraph at lines 380--381
[]\T1/ptm/m/n/10 Michael D. Ward <\T1/zi4/m/n/10 <michael.d.ward@duke.edu>\T1/p
tm/m/n/10 > and Ja-cob M. Mont-gomery <\T1/zi4/m/n/10 <jacob.montgomery@wustl.e
du>\T1/ptm/m/n/10 >
[8]
Overfull \hbox (46.68091pt too wide) in paragraph at lines 398--398
 []\T1/zi4/m/n/9 this.ForecastData <- makeForecastData(.predCalibration=calibra
tionSample[,c("LMER", "SAE", "GLM")],[] 

Overfull \hbox (52.9809pt too wide) in paragraph at lines 399--399
 []\T1/zi4/m/n/9 .outcomeCalibration=calibrationSample[,"Insurgency"],.predTest
=testSample[,c("LMER", "SAE", "GLM")],[] 
(/usr/local/texlive/2014/texmf-dist/tex/latex/base/utf8.def) [9]
Overfull \hbox (72.2592pt too wide) in paragraph at lines 463--464
[]\T1/ptm/m/n/10 Michael D. Ward <\T1/zi4/m/n/10 <michael.d.ward@duke.edu>\T1/p
tm/m/n/10 > and Ja-cob M. Mont-gomery <\T1/zi4/m/n/10 <jacob.montgomery@wustl.e
du>\T1/ptm/m/n/10 >
[10]
Overfull \hbox (46.68091pt too wide) in paragraph at lines 481--481
 []\T1/zi4/m/n/9 this.ForecastData <- makeForecastData(.predCalibration=calibra
tionSample[,c("LMER", "SAE", "GLM")],[] 

Overfull \hbox (52.9809pt too wide) in paragraph at lines 482--482
 []\T1/zi4/m/n/9 .outcomeCalibration=calibrationSample[,"Insurgency"],.predTest
=testSample[,c("LMER", "SAE", "GLM")],[] 
(/usr/local/texlive/2014/texmf-dist/tex/latex/base/utf8.def)
Underfull \hbox (badness 2961) in paragraph at lines 504--504
[]\T1/ptm/m/it/10 Plotting func-tion for en-sem-ble mod-els of the class "FDat-
Fit-
(/usr/local/texlive/2014/texmf-dist/tex/latex/inconsolata/ts1zi4.fd) [11]
Overfull \hbox (72.2592pt too wide) in paragraph at lines 542--543
[]\T1/ptm/m/n/10 Michael D. Ward <\T1/zi4/m/n/10 <michael.d.ward@duke.edu>\T1/p
tm/m/n/10 > and Ja-cob M. Mont-gomery <\T1/zi4/m/n/10 <jacob.montgomery@wustl.e
du>\T1/ptm/m/n/10 >

Overfull \hbox (46.68091pt too wide) in paragraph at lines 565--565
 []\T1/zi4/m/n/9 this.ForecastData <- makeForecastData(.predCalibration=calibra
tionSample[,c("LMER", "SAE", "GLM")],[] 

Overfull \hbox (52.9809pt too wide) in paragraph at lines 566--566
 []\T1/zi4/m/n/9 .outcomeCalibration=calibrationSample[,"Insurgency"],.predTest
=testSample[,c("LMER", "SAE", "GLM")],[] 
(/usr/local/texlive/2014/texmf-dist/tex/latex/base/utf8.def) [12]
(/usr/local/texlive/2014/texmf-dist/tex/latex/base/utf8.def) [13]
Overfull \hbox (0.868pt too wide) in paragraph at lines 652--653
\T1/ptm/m/n/10 model weights as-signed to the com-po-nent mod-els. The sec-ond 
and third columns

Overfull \hbox (72.2592pt too wide) in paragraph at lines 657--658
[]\T1/ptm/m/n/10 Michael D. Ward <\T1/zi4/m/n/10 <michael.d.ward@duke.edu>\T1/p
tm/m/n/10 > and Ja-cob M. Mont-gomery <\T1/zi4/m/n/10 <jacob.montgomery@wustl.e
du>\T1/ptm/m/n/10 >
[14]
Overfull \hbox (46.68091pt too wide) in paragraph at lines 666--666
 []\T1/zi4/m/n/9 this.ForecastData <- makeForecastData(.predCalibration=calibra
tionSample[,c("LMER", "SAE", "GLM")],[] 

Overfull \hbox (52.9809pt too wide) in paragraph at lines 667--667
 []\T1/zi4/m/n/9 .outcomeCalibration=calibrationSample[,"Insurgency"],.predTest
=testSample[,c("LMER", "SAE", "GLM")],[] 
(/usr/local/texlive/2014/texmf-dist/tex/latex/base/utf8.def)
No file Rd2.ind.
[15] (./Rd2.aux)

Package rerunfilecheck Warning: File `Rd2.out' has changed.
(rerunfilecheck)                Rerun to get outlines right
(rerunfilecheck)                or use package `bookmark'.

 )
(see the transcript file for additional information){/usr/local/texlive/2014/te
xmf-dist/fonts/enc/dvips/inconsolata/i4-ts1.enc}{/usr/local/texlive/2014/texmf-
dist/fonts/enc/dvips/base/8r.enc}{/usr/local/texlive/2014/texmf-dist/fonts/enc/
dvips/inconsolata/i4-t1-0.enc}</usr/local/texlive/2014/texmf-dist/fonts/type1/p
ublic/inconsolata/Inconsolata-zi4r.pfb></usr/local/texlive/2014/texmf-dist/font
s/type1/urw/helvetic/uhvr8a.pfb></usr/local/texlive/2014/texmf-dist/fonts/type1
/urw/times/utmb8a.pfb></usr/local/texlive/2014/texmf-dist/fonts/type1/urw/times
/utmr8a.pfb></usr/local/texlive/2014/texmf-dist/fonts/type1/urw/times/utmr8a.pf
b></usr/local/texlive/2014/texmf-dist/fonts/type1/urw/times/utmri8a.pfb>
Output written on Rd2.pdf (15 pages, 107930 bytes).
Transcript written on Rd2.log.
This is makeindex, version 2.15 [TeX Live 2014] (kpathsea + Thai support).
Scanning input file ./Rd2.idx....done (55 entries accepted, 0 rejected).
Sorting entries....done (314 comparisons).
Generating output file ./Rd2.ind....done (130 lines written, 0 warnings).
Output written in ./Rd2.ind.
Transcript written in ./Rd2.ilg.
This is pdfTeX, Version 3.14159265-2.6-1.40.15 (TeX Live 2014) (preloaded format=pdflatex)
 restricted \write18 enabled.
entering extended mode

(/private/var/folders/1_/fz0p5qtn48x1f2y4z2np7tm80000gn/T/RtmpgklLKj/Rd2pdf2a5a
346a4cb4/Rd2.tex
LaTeX2e <2014/05/01>
Babel <3.9k> and hyphenation patterns for 78 languages loaded.

(/usr/local/texlive/2014/texmf-dist/tex/latex/base/book.cls
Document Class: book 2007/10/19 v1.4h Standard LaTeX document class
(/usr/local/texlive/2014/texmf-dist/tex/latex/base/bk10.clo))
(/usr/local/Cellar/r/3.1.2_1/R.framework/Resources/share/texmf/tex/latex/Rd.sty
(/usr/local/texlive/2014/texmf-dist/tex/latex/base/ifthen.sty)
(/usr/local/texlive/2014/texmf-dist/tex/latex/tools/longtable.sty)
(/usr/local/texlive/2014/texmf-dist/tex/latex/tools/bm.sty)
(/usr/local/texlive/2014/texmf-dist/tex/latex/base/alltt.sty)
(/usr/local/texlive/2014/texmf-dist/tex/latex/tools/verbatim.sty)
(/usr/local/texlive/2014/texmf-dist/tex/latex/url/url.sty)
(/usr/local/texlive/2014/texmf-dist/tex/latex/base/textcomp.sty
(/usr/local/texlive/2014/texmf-dist/tex/latex/base/ts1enc.def))
(/usr/local/texlive/2014/texmf-dist/tex/latex/base/fontenc.sty
(/usr/local/texlive/2014/texmf-dist/tex/latex/base/t1enc.def))
(/usr/local/texlive/2014/texmf-dist/tex/latex/psnfss/times.sty)
(/usr/local/texlive/2014/texmf-dist/tex/latex/inconsolata/zi4.sty
(/usr/local/texlive/2014/texmf-dist/tex/latex/graphics/keyval.sty))
(/usr/local/texlive/2014/texmf-dist/tex/latex/graphics/color.sty
(/usr/local/texlive/2014/texmf-dist/tex/latex/latexconfig/color.cfg)
(/usr/local/texlive/2014/texmf-dist/tex/latex/pdftex-def/pdftex.def
(/usr/local/texlive/2014/texmf-dist/tex/generic/oberdiek/infwarerr.sty)
(/usr/local/texlive/2014/texmf-dist/tex/generic/oberdiek/ltxcmds.sty)))
(/usr/local/texlive/2014/texmf-dist/tex/latex/hyperref/hyperref.sty
(/usr/local/texlive/2014/texmf-dist/tex/generic/oberdiek/hobsub-hyperref.sty
(/usr/local/texlive/2014/texmf-dist/tex/generic/oberdiek/hobsub-generic.sty))
(/usr/local/texlive/2014/texmf-dist/tex/generic/ifxetex/ifxetex.sty)
(/usr/local/texlive/2014/texmf-dist/tex/latex/oberdiek/auxhook.sty)
(/usr/local/texlive/2014/texmf-dist/tex/latex/oberdiek/kvoptions.sty)
(/usr/local/texlive/2014/texmf-dist/tex/latex/hyperref/pd1enc.def)
(/usr/local/texlive/2014/texmf-dist/tex/latex/latexconfig/hyperref.cfg))

Package hyperref Message: Driver (autodetected): hpdftex.

(/usr/local/texlive/2014/texmf-dist/tex/latex/hyperref/hpdftex.def
(/usr/local/texlive/2014/texmf-dist/tex/latex/oberdiek/rerunfilecheck.sty))

Package hyperref Warning: Option `hyperindex' has already been used,
(hyperref)                setting the option has no effect on input line 366.


Package hyperref Warning: Option `pagebackref' has already been used,
(hyperref)                setting the option has no effect on input line 366.

) (/usr/local/texlive/2014/texmf-dist/tex/latex/base/makeidx.sty)
(/usr/local/texlive/2014/texmf-dist/tex/latex/base/inputenc.sty
(/usr/local/texlive/2014/texmf-dist/tex/latex/base/utf8.def
(/usr/local/texlive/2014/texmf-dist/tex/latex/base/t1enc.dfu)
(/usr/local/texlive/2014/texmf-dist/tex/latex/base/ot1enc.dfu)
(/usr/local/texlive/2014/texmf-dist/tex/latex/base/omsenc.dfu)
(/usr/local/texlive/2014/texmf-dist/tex/latex/base/ts1enc.dfu))
(/usr/local/texlive/2014/texmf-dist/tex/latex/base/latin1.def))
Writing index file Rd2.idx
(./Rd2.aux) (/usr/local/texlive/2014/texmf-dist/tex/latex/base/ts1cmr.fd)
(/usr/local/texlive/2014/texmf-dist/tex/latex/psnfss/t1ptm.fd)
(/usr/local/texlive/2014/texmf-dist/tex/context/base/supp-pdf.mkii
[Loading MPS to PDF converter (version 2006.09.02).]
) (/usr/local/texlive/2014/texmf-dist/tex/latex/hyperref/nameref.sty
(/usr/local/texlive/2014/texmf-dist/tex/generic/oberdiek/gettitlestring.sty))
(./Rd2.out) (./Rd2.out)
(/usr/local/texlive/2014/texmf-dist/tex/latex/inconsolata/t1zi4.fd)
(/usr/local/texlive/2014/texmf-dist/tex/latex/psnfss/t1phv.fd) (./Rd2.toc)
(/usr/local/texlive/2014/texmf-dist/tex/latex/base/utf8.def) [1{/usr/local/texl
ive/2014/texmf-var/fonts/map/pdftex/updmap/pdftex.map}] [2]
Overfull \hbox (72.2592pt too wide) in paragraph at lines 104--105
[]\T1/ptm/m/n/10 Michael D. Ward <\T1/zi4/m/n/10 <michael.d.ward@duke.edu>\T1/p
tm/m/n/10 > and Ja-cob M. Mont-gomery <\T1/zi4/m/n/10 <jacob.montgomery@wustl.e
du>\T1/ptm/m/n/10 >
[3]
Overfull \hbox (46.68091pt too wide) in paragraph at lines 129--129
 []\T1/zi4/m/n/9 this.ForecastData <- makeForecastData(.predCalibration=calibra
tionSample[,c("LMER", "SAE", "GLM")],[] 

Overfull \hbox (52.9809pt too wide) in paragraph at lines 130--130
 []\T1/zi4/m/n/9 .outcomeCalibration=calibrationSample[,"Insurgency"],.predTest
=testSample[,c("LMER", "SAE", "GLM")],[] 
(/usr/local/texlive/2014/texmf-dist/tex/latex/base/utf8.def)
(/usr/local/texlive/2014/texmf-dist/tex/latex/psnfss/ts1ptm.fd)
(/usr/local/texlive/2014/texmf-dist/tex/latex/base/utf8.def) [4]
Overfull \hbox (72.2592pt too wide) in paragraph at lines 205--206
[]\T1/ptm/m/n/10 Michael D. Ward <\T1/zi4/m/n/10 <michael.d.ward@duke.edu>\T1/p
tm/m/n/10 > and Ja-cob M. Mont-gomery <\T1/zi4/m/n/10 <jacob.montgomery@wustl.e
du>\T1/ptm/m/n/10 >
[5]
Overfull \hbox (46.68091pt too wide) in paragraph at lines 224--224
 []\T1/zi4/m/n/9 this.ForecastData <- makeForecastData(.predCalibration=calibra
tionSample[,c("LMER", "SAE", "GLM")],[] 

Overfull \hbox (52.9809pt too wide) in paragraph at lines 225--225
 []\T1/zi4/m/n/9 .outcomeCalibration=calibrationSample[,"Insurgency"],.predTest
=testSample[,c("LMER", "SAE", "GLM")],[] 
(/usr/local/texlive/2014/texmf-dist/tex/latex/base/utf8.def)
Overfull \hbox (72.2592pt too wide) in paragraph at lines 246--247
[]\T1/ptm/m/n/10 Michael D. Ward <\T1/zi4/m/n/10 <michael.d.ward@duke.edu>\T1/p
tm/m/n/10 > and Ja-cob M. Mont-gomery <\T1/zi4/m/n/10 <jacob.montgomery@wustl.e
du>\T1/ptm/m/n/10 >
[6] (/usr/local/texlive/2014/texmf-dist/tex/latex/base/utf8.def) [7]
Overfull \hbox (72.2592pt too wide) in paragraph at lines 313--314
[]\T1/ptm/m/n/10 Michael D. Ward <\T1/zi4/m/n/10 <michael.d.ward@duke.edu>\T1/p
tm/m/n/10 > and Ja-cob M. Mont-gomery <\T1/zi4/m/n/10 <jacob.montgomery@wustl.e
du>\T1/ptm/m/n/10 >
(/usr/local/texlive/2014/texmf-dist/tex/latex/base/utf8.def) [8]
Overfull \hbox (72.2592pt too wide) in paragraph at lines 380--381
[]\T1/ptm/m/n/10 Michael D. Ward <\T1/zi4/m/n/10 <michael.d.ward@duke.edu>\T1/p
tm/m/n/10 > and Ja-cob M. Mont-gomery <\T1/zi4/m/n/10 <jacob.montgomery@wustl.e
du>\T1/ptm/m/n/10 >

Overfull \hbox (46.68091pt too wide) in paragraph at lines 398--398
 []\T1/zi4/m/n/9 this.ForecastData <- makeForecastData(.predCalibration=calibra
tionSample[,c("LMER", "SAE", "GLM")],[] 

Overfull \hbox (52.9809pt too wide) in paragraph at lines 399--399
 []\T1/zi4/m/n/9 .outcomeCalibration=calibrationSample[,"Insurgency"],.predTest
=testSample[,c("LMER", "SAE", "GLM")],[] 
[9] (/usr/local/texlive/2014/texmf-dist/tex/latex/base/utf8.def)
Overfull \hbox (72.2592pt too wide) in paragraph at lines 463--464
[]\T1/ptm/m/n/10 Michael D. Ward <\T1/zi4/m/n/10 <michael.d.ward@duke.edu>\T1/p
tm/m/n/10 > and Ja-cob M. Mont-gomery <\T1/zi4/m/n/10 <jacob.montgomery@wustl.e
du>\T1/ptm/m/n/10 >
[10]
Overfull \hbox (46.68091pt too wide) in paragraph at lines 481--481
 []\T1/zi4/m/n/9 this.ForecastData <- makeForecastData(.predCalibration=calibra
tionSample[,c("LMER", "SAE", "GLM")],[] 

Overfull \hbox (52.9809pt too wide) in paragraph at lines 482--482
 []\T1/zi4/m/n/9 .outcomeCalibration=calibrationSample[,"Insurgency"],.predTest
=testSample[,c("LMER", "SAE", "GLM")],[] 
(/usr/local/texlive/2014/texmf-dist/tex/latex/base/utf8.def)
Underfull \hbox (badness 2961) in paragraph at lines 504--504
[]\T1/ptm/m/it/10 Plotting func-tion for en-sem-ble mod-els of the class "FDat-
Fit-
(/usr/local/texlive/2014/texmf-dist/tex/latex/inconsolata/ts1zi4.fd) [11]
Overfull \hbox (72.2592pt too wide) in paragraph at lines 542--543
[]\T1/ptm/m/n/10 Michael D. Ward <\T1/zi4/m/n/10 <michael.d.ward@duke.edu>\T1/p
tm/m/n/10 > and Ja-cob M. Mont-gomery <\T1/zi4/m/n/10 <jacob.montgomery@wustl.e
du>\T1/ptm/m/n/10 >
[12]
Overfull \hbox (46.68091pt too wide) in paragraph at lines 565--565
 []\T1/zi4/m/n/9 this.ForecastData <- makeForecastData(.predCalibration=calibra
tionSample[,c("LMER", "SAE", "GLM")],[] 

Overfull \hbox (52.9809pt too wide) in paragraph at lines 566--566
 []\T1/zi4/m/n/9 .outcomeCalibration=calibrationSample[,"Insurgency"],.predTest
=testSample[,c("LMER", "SAE", "GLM")],[] 
(/usr/local/texlive/2014/texmf-dist/tex/latex/base/utf8.def) [13]
(/usr/local/texlive/2014/texmf-dist/tex/latex/base/utf8.def)
Overfull \hbox (0.868pt too wide) in paragraph at lines 652--653
\T1/ptm/m/n/10 model weights as-signed to the com-po-nent mod-els. The sec-ond 
and third columns

Overfull \hbox (72.2592pt too wide) in paragraph at lines 657--658
[]\T1/ptm/m/n/10 Michael D. Ward <\T1/zi4/m/n/10 <michael.d.ward@duke.edu>\T1/p
tm/m/n/10 > and Ja-cob M. Mont-gomery <\T1/zi4/m/n/10 <jacob.montgomery@wustl.e
du>\T1/ptm/m/n/10 >
[14]
Overfull \hbox (46.68091pt too wide) in paragraph at lines 666--666
 []\T1/zi4/m/n/9 this.ForecastData <- makeForecastData(.predCalibration=calibra
tionSample[,c("LMER", "SAE", "GLM")],[] 

Overfull \hbox (52.9809pt too wide) in paragraph at lines 667--667
 []\T1/zi4/m/n/9 .outcomeCalibration=calibrationSample[,"Insurgency"],.predTest
=testSample[,c("LMER", "SAE", "GLM")],[] 
(/usr/local/texlive/2014/texmf-dist/tex/latex/base/utf8.def) [15] (./Rd2.ind
[16]

LaTeX Font Warning: Font shape `T1/zi4/m/it' undefined
(Font)              using `T1/zi4/m/n' instead on input line 11.


Overfull \hbox (20.8567pt too wide) in paragraph at lines 26--28
[]\T1/zi4/m/it/10 EBMApredict,prediction,ForecastData-method 

Overfull \hbox (15.8567pt too wide) in paragraph at lines 53--55
[]\T1/zi4/m/it/10 getOutcomeCalibration,ForecastData-method 

Overfull \hbox (0.8567pt too wide) in paragraph at lines 57--59
[]\T1/zi4/m/it/10 getPredCalibration,ForecastData-method 

Overfull \hbox (15.8567pt too wide) in paragraph at lines 92--94
[]\T1/zi4/m/it/10 setOutcomeCalibration,ForecastData-method 

Overfull \hbox (25.8567pt too wide) in paragraph at lines 96--98
[]\T1/zi4/m/it/10 setOutcomeCalibration<-,ForecastData-method 

Overfull \hbox (0.8567pt too wide) in paragraph at lines 104--106
[]\T1/zi4/m/it/10 setPredCalibration,ForecastData-method 

Overfull \hbox (10.8567pt too wide) in paragraph at lines 108--110
[]\T1/zi4/m/it/10 setPredCalibration<-,ForecastData-method 
[17] [18]) (./Rd2.aux)

Package rerunfilecheck Warning: File `Rd2.out' has changed.
(rerunfilecheck)                Rerun to get outlines right
(rerunfilecheck)                or use package `bookmark'.


LaTeX Font Warning: Some font shapes were not available, defaults substituted.

 )
(see the transcript file for additional information){/usr/local/texlive/2014/te
xmf-dist/fonts/enc/dvips/inconsolata/i4-ts1.enc}{/usr/local/texlive/2014/texmf-
dist/fonts/enc/dvips/base/8r.enc}{/usr/local/texlive/2014/texmf-dist/fonts/enc/
dvips/inconsolata/i4-t1-0.enc}</usr/local/texlive/2014/texmf-dist/fonts/type1/p
ublic/inconsolata/Inconsolata-zi4r.pfb></usr/local/texlive/2014/texmf-dist/font
s/type1/public/amsfonts/cm/cmsy10.pfb></usr/local/texlive/2014/texmf-dist/fonts
/type1/urw/helvetic/uhvr8a.pfb></usr/local/texlive/2014/texmf-dist/fonts/type1/
urw/times/utmb8a.pfb></usr/local/texlive/2014/texmf-dist/fonts/type1/urw/times/
utmr8a.pfb></usr/local/texlive/2014/texmf-dist/fonts/type1/urw/times/utmr8a.pfb
></usr/local/texlive/2014/texmf-dist/fonts/type1/urw/times/utmri8a.pfb>
Output written on Rd2.pdf (18 pages, 121315 bytes).
Transcript written on Rd2.log.
This is makeindex, version 2.15 [TeX Live 2014] (kpathsea + Thai support).
Scanning input file ./Rd2.idx....done (55 entries accepted, 0 rejected).
Sorting entries....done (314 comparisons).
Generating output file ./Rd2.ind....done (130 lines written, 0 warnings).
Output written in ./Rd2.ind.
Transcript written in ./Rd2.ilg.
This is pdfTeX, Version 3.14159265-2.6-1.40.15 (TeX Live 2014) (preloaded format=pdflatex)
 restricted \write18 enabled.
entering extended mode

(/private/var/folders/1_/fz0p5qtn48x1f2y4z2np7tm80000gn/T/RtmpgklLKj/Rd2pdf2a5a
346a4cb4/Rd2.tex
LaTeX2e <2014/05/01>
Babel <3.9k> and hyphenation patterns for 78 languages loaded.

(/usr/local/texlive/2014/texmf-dist/tex/latex/base/book.cls
Document Class: book 2007/10/19 v1.4h Standard LaTeX document class
(/usr/local/texlive/2014/texmf-dist/tex/latex/base/bk10.clo))
(/usr/local/Cellar/r/3.1.2_1/R.framework/Resources/share/texmf/tex/latex/Rd.sty
(/usr/local/texlive/2014/texmf-dist/tex/latex/base/ifthen.sty)
(/usr/local/texlive/2014/texmf-dist/tex/latex/tools/longtable.sty)
(/usr/local/texlive/2014/texmf-dist/tex/latex/tools/bm.sty)
(/usr/local/texlive/2014/texmf-dist/tex/latex/base/alltt.sty)
(/usr/local/texlive/2014/texmf-dist/tex/latex/tools/verbatim.sty)
(/usr/local/texlive/2014/texmf-dist/tex/latex/url/url.sty)
(/usr/local/texlive/2014/texmf-dist/tex/latex/base/textcomp.sty
(/usr/local/texlive/2014/texmf-dist/tex/latex/base/ts1enc.def))
(/usr/local/texlive/2014/texmf-dist/tex/latex/base/fontenc.sty
(/usr/local/texlive/2014/texmf-dist/tex/latex/base/t1enc.def))
(/usr/local/texlive/2014/texmf-dist/tex/latex/psnfss/times.sty)
(/usr/local/texlive/2014/texmf-dist/tex/latex/inconsolata/zi4.sty
(/usr/local/texlive/2014/texmf-dist/tex/latex/graphics/keyval.sty))
(/usr/local/texlive/2014/texmf-dist/tex/latex/graphics/color.sty
(/usr/local/texlive/2014/texmf-dist/tex/latex/latexconfig/color.cfg)
(/usr/local/texlive/2014/texmf-dist/tex/latex/pdftex-def/pdftex.def
(/usr/local/texlive/2014/texmf-dist/tex/generic/oberdiek/infwarerr.sty)
(/usr/local/texlive/2014/texmf-dist/tex/generic/oberdiek/ltxcmds.sty)))
(/usr/local/texlive/2014/texmf-dist/tex/latex/hyperref/hyperref.sty
(/usr/local/texlive/2014/texmf-dist/tex/generic/oberdiek/hobsub-hyperref.sty
(/usr/local/texlive/2014/texmf-dist/tex/generic/oberdiek/hobsub-generic.sty))
(/usr/local/texlive/2014/texmf-dist/tex/generic/ifxetex/ifxetex.sty)
(/usr/local/texlive/2014/texmf-dist/tex/latex/oberdiek/auxhook.sty)
(/usr/local/texlive/2014/texmf-dist/tex/latex/oberdiek/kvoptions.sty)
(/usr/local/texlive/2014/texmf-dist/tex/latex/hyperref/pd1enc.def)
(/usr/local/texlive/2014/texmf-dist/tex/latex/latexconfig/hyperref.cfg))

Package hyperref Message: Driver (autodetected): hpdftex.

(/usr/local/texlive/2014/texmf-dist/tex/latex/hyperref/hpdftex.def
(/usr/local/texlive/2014/texmf-dist/tex/latex/oberdiek/rerunfilecheck.sty))

Package hyperref Warning: Option `hyperindex' has already been used,
(hyperref)                setting the option has no effect on input line 366.


Package hyperref Warning: Option `pagebackref' has already been used,
(hyperref)                setting the option has no effect on input line 366.

) (/usr/local/texlive/2014/texmf-dist/tex/latex/base/makeidx.sty)
(/usr/local/texlive/2014/texmf-dist/tex/latex/base/inputenc.sty
(/usr/local/texlive/2014/texmf-dist/tex/latex/base/utf8.def
(/usr/local/texlive/2014/texmf-dist/tex/latex/base/t1enc.dfu)
(/usr/local/texlive/2014/texmf-dist/tex/latex/base/ot1enc.dfu)
(/usr/local/texlive/2014/texmf-dist/tex/latex/base/omsenc.dfu)
(/usr/local/texlive/2014/texmf-dist/tex/latex/base/ts1enc.dfu))
(/usr/local/texlive/2014/texmf-dist/tex/latex/base/latin1.def))
Writing index file Rd2.idx
(./Rd2.aux) (/usr/local/texlive/2014/texmf-dist/tex/latex/base/ts1cmr.fd)
(/usr/local/texlive/2014/texmf-dist/tex/latex/psnfss/t1ptm.fd)
(/usr/local/texlive/2014/texmf-dist/tex/context/base/supp-pdf.mkii
[Loading MPS to PDF converter (version 2006.09.02).]
) (/usr/local/texlive/2014/texmf-dist/tex/latex/hyperref/nameref.sty
(/usr/local/texlive/2014/texmf-dist/tex/generic/oberdiek/gettitlestring.sty))
(./Rd2.out) (./Rd2.out)
(/usr/local/texlive/2014/texmf-dist/tex/latex/inconsolata/t1zi4.fd)
(/usr/local/texlive/2014/texmf-dist/tex/latex/psnfss/t1phv.fd) (./Rd2.toc)
(/usr/local/texlive/2014/texmf-dist/tex/latex/base/utf8.def) [1{/usr/local/texl
ive/2014/texmf-var/fonts/map/pdftex/updmap/pdftex.map}] [2]
Overfull \hbox (72.2592pt too wide) in paragraph at lines 104--105
[]\T1/ptm/m/n/10 Michael D. Ward <\T1/zi4/m/n/10 <michael.d.ward@duke.edu>\T1/p
tm/m/n/10 > and Ja-cob M. Mont-gomery <\T1/zi4/m/n/10 <jacob.montgomery@wustl.e
du>\T1/ptm/m/n/10 >
[3]
Overfull \hbox (46.68091pt too wide) in paragraph at lines 129--129
 []\T1/zi4/m/n/9 this.ForecastData <- makeForecastData(.predCalibration=calibra
tionSample[,c("LMER", "SAE", "GLM")],[] 

Overfull \hbox (52.9809pt too wide) in paragraph at lines 130--130
 []\T1/zi4/m/n/9 .outcomeCalibration=calibrationSample[,"Insurgency"],.predTest
=testSample[,c("LMER", "SAE", "GLM")],[] 
(/usr/local/texlive/2014/texmf-dist/tex/latex/base/utf8.def)
(/usr/local/texlive/2014/texmf-dist/tex/latex/psnfss/ts1ptm.fd) [4]
(/usr/local/texlive/2014/texmf-dist/tex/latex/base/utf8.def)
Overfull \hbox (72.2592pt too wide) in paragraph at lines 205--206
[]\T1/ptm/m/n/10 Michael D. Ward <\T1/zi4/m/n/10 <michael.d.ward@duke.edu>\T1/p
tm/m/n/10 > and Ja-cob M. Mont-gomery <\T1/zi4/m/n/10 <jacob.montgomery@wustl.e
du>\T1/ptm/m/n/10 >
[5]
Overfull \hbox (46.68091pt too wide) in paragraph at lines 224--224
 []\T1/zi4/m/n/9 this.ForecastData <- makeForecastData(.predCalibration=calibra
tionSample[,c("LMER", "SAE", "GLM")],[] 

Overfull \hbox (52.9809pt too wide) in paragraph at lines 225--225
 []\T1/zi4/m/n/9 .outcomeCalibration=calibrationSample[,"Insurgency"],.predTest
=testSample[,c("LMER", "SAE", "GLM")],[] 
(/usr/local/texlive/2014/texmf-dist/tex/latex/base/utf8.def)
Overfull \hbox (72.2592pt too wide) in paragraph at lines 246--247
[]\T1/ptm/m/n/10 Michael D. Ward <\T1/zi4/m/n/10 <michael.d.ward@duke.edu>\T1/p
tm/m/n/10 > and Ja-cob M. Mont-gomery <\T1/zi4/m/n/10 <jacob.montgomery@wustl.e
du>\T1/ptm/m/n/10 >
[6] (/usr/local/texlive/2014/texmf-dist/tex/latex/base/utf8.def) [7]
Overfull \hbox (72.2592pt too wide) in paragraph at lines 313--314
[]\T1/ptm/m/n/10 Michael D. Ward <\T1/zi4/m/n/10 <michael.d.ward@duke.edu>\T1/p
tm/m/n/10 > and Ja-cob M. Mont-gomery <\T1/zi4/m/n/10 <jacob.montgomery@wustl.e
du>\T1/ptm/m/n/10 >
(/usr/local/texlive/2014/texmf-dist/tex/latex/base/utf8.def) [8]
Overfull \hbox (72.2592pt too wide) in paragraph at lines 380--381
[]\T1/ptm/m/n/10 Michael D. Ward <\T1/zi4/m/n/10 <michael.d.ward@duke.edu>\T1/p
tm/m/n/10 > and Ja-cob M. Mont-gomery <\T1/zi4/m/n/10 <jacob.montgomery@wustl.e
du>\T1/ptm/m/n/10 >

Overfull \hbox (46.68091pt too wide) in paragraph at lines 398--398
 []\T1/zi4/m/n/9 this.ForecastData <- makeForecastData(.predCalibration=calibra
tionSample[,c("LMER", "SAE", "GLM")],[] 

Overfull \hbox (52.9809pt too wide) in paragraph at lines 399--399
 []\T1/zi4/m/n/9 .outcomeCalibration=calibrationSample[,"Insurgency"],.predTest
=testSample[,c("LMER", "SAE", "GLM")],[] 
[9] (/usr/local/texlive/2014/texmf-dist/tex/latex/base/utf8.def)
Overfull \hbox (72.2592pt too wide) in paragraph at lines 463--464
[]\T1/ptm/m/n/10 Michael D. Ward <\T1/zi4/m/n/10 <michael.d.ward@duke.edu>\T1/p
tm/m/n/10 > and Ja-cob M. Mont-gomery <\T1/zi4/m/n/10 <jacob.montgomery@wustl.e
du>\T1/ptm/m/n/10 >
[10]
Overfull \hbox (46.68091pt too wide) in paragraph at lines 481--481
 []\T1/zi4/m/n/9 this.ForecastData <- makeForecastData(.predCalibration=calibra
tionSample[,c("LMER", "SAE", "GLM")],[] 

Overfull \hbox (52.9809pt too wide) in paragraph at lines 482--482
 []\T1/zi4/m/n/9 .outcomeCalibration=calibrationSample[,"Insurgency"],.predTest
=testSample[,c("LMER", "SAE", "GLM")],[] 
(/usr/local/texlive/2014/texmf-dist/tex/latex/base/utf8.def)
Underfull \hbox (badness 2961) in paragraph at lines 504--504
[]\T1/ptm/m/it/10 Plotting func-tion for en-sem-ble mod-els of the class "FDat-
Fit-
(/usr/local/texlive/2014/texmf-dist/tex/latex/inconsolata/ts1zi4.fd) [11]
Overfull \hbox (72.2592pt too wide) in paragraph at lines 542--543
[]\T1/ptm/m/n/10 Michael D. Ward <\T1/zi4/m/n/10 <michael.d.ward@duke.edu>\T1/p
tm/m/n/10 > and Ja-cob M. Mont-gomery <\T1/zi4/m/n/10 <jacob.montgomery@wustl.e
du>\T1/ptm/m/n/10 >
[12]
Overfull \hbox (46.68091pt too wide) in paragraph at lines 565--565
 []\T1/zi4/m/n/9 this.ForecastData <- makeForecastData(.predCalibration=calibra
tionSample[,c("LMER", "SAE", "GLM")],[] 

Overfull \hbox (52.9809pt too wide) in paragraph at lines 566--566
 []\T1/zi4/m/n/9 .outcomeCalibration=calibrationSample[,"Insurgency"],.predTest
=testSample[,c("LMER", "SAE", "GLM")],[] 
(/usr/local/texlive/2014/texmf-dist/tex/latex/base/utf8.def) [13]
(/usr/local/texlive/2014/texmf-dist/tex/latex/base/utf8.def)
Overfull \hbox (0.868pt too wide) in paragraph at lines 652--653
\T1/ptm/m/n/10 model weights as-signed to the com-po-nent mod-els. The sec-ond 
and third columns

Overfull \hbox (72.2592pt too wide) in paragraph at lines 657--658
[]\T1/ptm/m/n/10 Michael D. Ward <\T1/zi4/m/n/10 <michael.d.ward@duke.edu>\T1/p
tm/m/n/10 > and Ja-cob M. Mont-gomery <\T1/zi4/m/n/10 <jacob.montgomery@wustl.e
du>\T1/ptm/m/n/10 >
[14]
Overfull \hbox (46.68091pt too wide) in paragraph at lines 666--666
 []\T1/zi4/m/n/9 this.ForecastData <- makeForecastData(.predCalibration=calibra
tionSample[,c("LMER", "SAE", "GLM")],[] 

Overfull \hbox (52.9809pt too wide) in paragraph at lines 667--667
 []\T1/zi4/m/n/9 .outcomeCalibration=calibrationSample[,"Insurgency"],.predTest
=testSample[,c("LMER", "SAE", "GLM")],[] 
(/usr/local/texlive/2014/texmf-dist/tex/latex/base/utf8.def) [15] (./Rd2.ind
[16]

LaTeX Font Warning: Font shape `T1/zi4/m/it' undefined
(Font)              using `T1/zi4/m/n' instead on input line 11.


Overfull \hbox (20.8567pt too wide) in paragraph at lines 26--28
[]\T1/zi4/m/it/10 EBMApredict,prediction,ForecastData-method 

Overfull \hbox (15.8567pt too wide) in paragraph at lines 53--55
[]\T1/zi4/m/it/10 getOutcomeCalibration,ForecastData-method 

Overfull \hbox (0.8567pt too wide) in paragraph at lines 57--59
[]\T1/zi4/m/it/10 getPredCalibration,ForecastData-method 

Overfull \hbox (15.8567pt too wide) in paragraph at lines 92--94
[]\T1/zi4/m/it/10 setOutcomeCalibration,ForecastData-method 

Overfull \hbox (25.8567pt too wide) in paragraph at lines 96--98
[]\T1/zi4/m/it/10 setOutcomeCalibration<-,ForecastData-method 

Overfull \hbox (0.8567pt too wide) in paragraph at lines 104--106
[]\T1/zi4/m/it/10 setPredCalibration,ForecastData-method 

Overfull \hbox (10.8567pt too wide) in paragraph at lines 108--110
[]\T1/zi4/m/it/10 setPredCalibration<-,ForecastData-method 
[17] [18]) (./Rd2.aux)

LaTeX Font Warning: Some font shapes were not available, defaults substituted.

 )
(see the transcript file for additional information){/usr/local/texlive/2014/te
xmf-dist/fonts/enc/dvips/inconsolata/i4-ts1.enc}{/usr/local/texlive/2014/texmf-
dist/fonts/enc/dvips/base/8r.enc}{/usr/local/texlive/2014/texmf-dist/fonts/enc/
dvips/inconsolata/i4-t1-0.enc}</usr/local/texlive/2014/texmf-dist/fonts/type1/p
ublic/inconsolata/Inconsolata-zi4r.pfb></usr/local/texlive/2014/texmf-dist/font
s/type1/public/amsfonts/cm/cmsy10.pfb></usr/local/texlive/2014/texmf-dist/fonts
/type1/urw/helvetic/uhvr8a.pfb></usr/local/texlive/2014/texmf-dist/fonts/type1/
urw/times/utmb8a.pfb></usr/local/texlive/2014/texmf-dist/fonts/type1/urw/times/
utmr8a.pfb></usr/local/texlive/2014/texmf-dist/fonts/type1/urw/times/utmr8a.pfb
></usr/local/texlive/2014/texmf-dist/fonts/type1/urw/times/utmri8a.pfb>
Output written on Rd2.pdf (18 pages, 121571 bytes).
Transcript written on Rd2.log.
This is makeindex, version 2.15 [TeX Live 2014] (kpathsea + Thai support).
Scanning input file ./Rd2.idx....done (55 entries accepted, 0 rejected).
Sorting entries....done (314 comparisons).
Generating output file ./Rd2.ind....done (130 lines written, 0 warnings).
Output written in ./Rd2.ind.
Transcript written in ./Rd2.ilg.
This is pdfTeX, Version 3.14159265-2.6-1.40.15 (TeX Live 2014) (preloaded format=pdflatex)
 restricted \write18 enabled.
entering extended mode

(/private/var/folders/1_/fz0p5qtn48x1f2y4z2np7tm80000gn/T/RtmpgklLKj/Rd2pdf2a5a
346a4cb4/Rd2.tex
LaTeX2e <2014/05/01>
Babel <3.9k> and hyphenation patterns for 78 languages loaded.

(/usr/local/texlive/2014/texmf-dist/tex/latex/base/book.cls
Document Class: book 2007/10/19 v1.4h Standard LaTeX document class
(/usr/local/texlive/2014/texmf-dist/tex/latex/base/bk10.clo))
(/usr/local/Cellar/r/3.1.2_1/R.framework/Resources/share/texmf/tex/latex/Rd.sty
(/usr/local/texlive/2014/texmf-dist/tex/latex/base/ifthen.sty)
(/usr/local/texlive/2014/texmf-dist/tex/latex/tools/longtable.sty)
(/usr/local/texlive/2014/texmf-dist/tex/latex/tools/bm.sty)
(/usr/local/texlive/2014/texmf-dist/tex/latex/base/alltt.sty)
(/usr/local/texlive/2014/texmf-dist/tex/latex/tools/verbatim.sty)
(/usr/local/texlive/2014/texmf-dist/tex/latex/url/url.sty)
(/usr/local/texlive/2014/texmf-dist/tex/latex/base/textcomp.sty
(/usr/local/texlive/2014/texmf-dist/tex/latex/base/ts1enc.def))
(/usr/local/texlive/2014/texmf-dist/tex/latex/base/fontenc.sty
(/usr/local/texlive/2014/texmf-dist/tex/latex/base/t1enc.def))
(/usr/local/texlive/2014/texmf-dist/tex/latex/psnfss/times.sty)
(/usr/local/texlive/2014/texmf-dist/tex/latex/inconsolata/zi4.sty
(/usr/local/texlive/2014/texmf-dist/tex/latex/graphics/keyval.sty))
(/usr/local/texlive/2014/texmf-dist/tex/latex/graphics/color.sty
(/usr/local/texlive/2014/texmf-dist/tex/latex/latexconfig/color.cfg)
(/usr/local/texlive/2014/texmf-dist/tex/latex/pdftex-def/pdftex.def
(/usr/local/texlive/2014/texmf-dist/tex/generic/oberdiek/infwarerr.sty)
(/usr/local/texlive/2014/texmf-dist/tex/generic/oberdiek/ltxcmds.sty)))
(/usr/local/texlive/2014/texmf-dist/tex/latex/hyperref/hyperref.sty
(/usr/local/texlive/2014/texmf-dist/tex/generic/oberdiek/hobsub-hyperref.sty
(/usr/local/texlive/2014/texmf-dist/tex/generic/oberdiek/hobsub-generic.sty))
(/usr/local/texlive/2014/texmf-dist/tex/generic/ifxetex/ifxetex.sty)
(/usr/local/texlive/2014/texmf-dist/tex/latex/oberdiek/auxhook.sty)
(/usr/local/texlive/2014/texmf-dist/tex/latex/oberdiek/kvoptions.sty)
(/usr/local/texlive/2014/texmf-dist/tex/latex/hyperref/pd1enc.def)
(/usr/local/texlive/2014/texmf-dist/tex/latex/latexconfig/hyperref.cfg))

Package hyperref Message: Driver (autodetected): hpdftex.

(/usr/local/texlive/2014/texmf-dist/tex/latex/hyperref/hpdftex.def
(/usr/local/texlive/2014/texmf-dist/tex/latex/oberdiek/rerunfilecheck.sty))

Package hyperref Warning: Option `hyperindex' has already been used,
(hyperref)                setting the option has no effect on input line 366.


Package hyperref Warning: Option `pagebackref' has already been used,
(hyperref)                setting the option has no effect on input line 366.

) (/usr/local/texlive/2014/texmf-dist/tex/latex/base/makeidx.sty)
(/usr/local/texlive/2014/texmf-dist/tex/latex/base/inputenc.sty
(/usr/local/texlive/2014/texmf-dist/tex/latex/base/utf8.def
(/usr/local/texlive/2014/texmf-dist/tex/latex/base/t1enc.dfu)
(/usr/local/texlive/2014/texmf-dist/tex/latex/base/ot1enc.dfu)
(/usr/local/texlive/2014/texmf-dist/tex/latex/base/omsenc.dfu)
(/usr/local/texlive/2014/texmf-dist/tex/latex/base/ts1enc.dfu))
(/usr/local/texlive/2014/texmf-dist/tex/latex/base/latin1.def))
Writing index file Rd2.idx
(./Rd2.aux) (/usr/local/texlive/2014/texmf-dist/tex/latex/base/ts1cmr.fd)
(/usr/local/texlive/2014/texmf-dist/tex/latex/psnfss/t1ptm.fd)
(/usr/local/texlive/2014/texmf-dist/tex/context/base/supp-pdf.mkii
[Loading MPS to PDF converter (version 2006.09.02).]
) (/usr/local/texlive/2014/texmf-dist/tex/latex/hyperref/nameref.sty
(/usr/local/texlive/2014/texmf-dist/tex/generic/oberdiek/gettitlestring.sty))
(./Rd2.out) (./Rd2.out)
(/usr/local/texlive/2014/texmf-dist/tex/latex/inconsolata/t1zi4.fd)
(/usr/local/texlive/2014/texmf-dist/tex/latex/psnfss/t1phv.fd) (./Rd2.toc)
(/usr/local/texlive/2014/texmf-dist/tex/latex/base/utf8.def) [1{/usr/local/texl
ive/2014/texmf-var/fonts/map/pdftex/updmap/pdftex.map}] [2]
Overfull \hbox (72.2592pt too wide) in paragraph at lines 104--105
[]\T1/ptm/m/n/10 Michael D. Ward <\T1/zi4/m/n/10 <michael.d.ward@duke.edu>\T1/p
tm/m/n/10 > and Ja-cob M. Mont-gomery <\T1/zi4/m/n/10 <jacob.montgomery@wustl.e
du>\T1/ptm/m/n/10 >
[3]
Overfull \hbox (46.68091pt too wide) in paragraph at lines 129--129
 []\T1/zi4/m/n/9 this.ForecastData <- makeForecastData(.predCalibration=calibra
tionSample[,c("LMER", "SAE", "GLM")],[] 

Overfull \hbox (52.9809pt too wide) in paragraph at lines 130--130
 []\T1/zi4/m/n/9 .outcomeCalibration=calibrationSample[,"Insurgency"],.predTest
=testSample[,c("LMER", "SAE", "GLM")],[] 
(/usr/local/texlive/2014/texmf-dist/tex/latex/base/utf8.def)
(/usr/local/texlive/2014/texmf-dist/tex/latex/psnfss/ts1ptm.fd) [4]
(/usr/local/texlive/2014/texmf-dist/tex/latex/base/utf8.def)
Overfull \hbox (72.2592pt too wide) in paragraph at lines 205--206
[]\T1/ptm/m/n/10 Michael D. Ward <\T1/zi4/m/n/10 <michael.d.ward@duke.edu>\T1/p
tm/m/n/10 > and Ja-cob M. Mont-gomery <\T1/zi4/m/n/10 <jacob.montgomery@wustl.e
du>\T1/ptm/m/n/10 >
[5]
Overfull \hbox (46.68091pt too wide) in paragraph at lines 224--224
 []\T1/zi4/m/n/9 this.ForecastData <- makeForecastData(.predCalibration=calibra
tionSample[,c("LMER", "SAE", "GLM")],[] 

Overfull \hbox (52.9809pt too wide) in paragraph at lines 225--225
 []\T1/zi4/m/n/9 .outcomeCalibration=calibrationSample[,"Insurgency"],.predTest
=testSample[,c("LMER", "SAE", "GLM")],[] 
(/usr/local/texlive/2014/texmf-dist/tex/latex/base/utf8.def)
Overfull \hbox (72.2592pt too wide) in paragraph at lines 246--247
[]\T1/ptm/m/n/10 Michael D. Ward <\T1/zi4/m/n/10 <michael.d.ward@duke.edu>\T1/p
tm/m/n/10 > and Ja-cob M. Mont-gomery <\T1/zi4/m/n/10 <jacob.montgomery@wustl.e
du>\T1/ptm/m/n/10 >
[6] (/usr/local/texlive/2014/texmf-dist/tex/latex/base/utf8.def) [7]
Overfull \hbox (72.2592pt too wide) in paragraph at lines 313--314
[]\T1/ptm/m/n/10 Michael D. Ward <\T1/zi4/m/n/10 <michael.d.ward@duke.edu>\T1/p
tm/m/n/10 > and Ja-cob M. Mont-gomery <\T1/zi4/m/n/10 <jacob.montgomery@wustl.e
du>\T1/ptm/m/n/10 >
(/usr/local/texlive/2014/texmf-dist/tex/latex/base/utf8.def) [8]
Overfull \hbox (72.2592pt too wide) in paragraph at lines 380--381
[]\T1/ptm/m/n/10 Michael D. Ward <\T1/zi4/m/n/10 <michael.d.ward@duke.edu>\T1/p
tm/m/n/10 > and Ja-cob M. Mont-gomery <\T1/zi4/m/n/10 <jacob.montgomery@wustl.e
du>\T1/ptm/m/n/10 >

Overfull \hbox (46.68091pt too wide) in paragraph at lines 398--398
 []\T1/zi4/m/n/9 this.ForecastData <- makeForecastData(.predCalibration=calibra
tionSample[,c("LMER", "SAE", "GLM")],[] 

Overfull \hbox (52.9809pt too wide) in paragraph at lines 399--399
 []\T1/zi4/m/n/9 .outcomeCalibration=calibrationSample[,"Insurgency"],.predTest
=testSample[,c("LMER", "SAE", "GLM")],[] 
[9] (/usr/local/texlive/2014/texmf-dist/tex/latex/base/utf8.def)
Overfull \hbox (72.2592pt too wide) in paragraph at lines 463--464
[]\T1/ptm/m/n/10 Michael D. Ward <\T1/zi4/m/n/10 <michael.d.ward@duke.edu>\T1/p
tm/m/n/10 > and Ja-cob M. Mont-gomery <\T1/zi4/m/n/10 <jacob.montgomery@wustl.e
du>\T1/ptm/m/n/10 >
[10]
Overfull \hbox (46.68091pt too wide) in paragraph at lines 481--481
 []\T1/zi4/m/n/9 this.ForecastData <- makeForecastData(.predCalibration=calibra
tionSample[,c("LMER", "SAE", "GLM")],[] 

Overfull \hbox (52.9809pt too wide) in paragraph at lines 482--482
 []\T1/zi4/m/n/9 .outcomeCalibration=calibrationSample[,"Insurgency"],.predTest
=testSample[,c("LMER", "SAE", "GLM")],[] 
(/usr/local/texlive/2014/texmf-dist/tex/latex/base/utf8.def)
Underfull \hbox (badness 2961) in paragraph at lines 504--504
[]\T1/ptm/m/it/10 Plotting func-tion for en-sem-ble mod-els of the class "FDat-
Fit-
(/usr/local/texlive/2014/texmf-dist/tex/latex/inconsolata/ts1zi4.fd) [11]
Overfull \hbox (72.2592pt too wide) in paragraph at lines 542--543
[]\T1/ptm/m/n/10 Michael D. Ward <\T1/zi4/m/n/10 <michael.d.ward@duke.edu>\T1/p
tm/m/n/10 > and Ja-cob M. Mont-gomery <\T1/zi4/m/n/10 <jacob.montgomery@wustl.e
du>\T1/ptm/m/n/10 >
[12]
Overfull \hbox (46.68091pt too wide) in paragraph at lines 565--565
 []\T1/zi4/m/n/9 this.ForecastData <- makeForecastData(.predCalibration=calibra
tionSample[,c("LMER", "SAE", "GLM")],[] 

Overfull \hbox (52.9809pt too wide) in paragraph at lines 566--566
 []\T1/zi4/m/n/9 .outcomeCalibration=calibrationSample[,"Insurgency"],.predTest
=testSample[,c("LMER", "SAE", "GLM")],[] 
(/usr/local/texlive/2014/texmf-dist/tex/latex/base/utf8.def) [13]
(/usr/local/texlive/2014/texmf-dist/tex/latex/base/utf8.def)
Overfull \hbox (0.868pt too wide) in paragraph at lines 652--653
\T1/ptm/m/n/10 model weights as-signed to the com-po-nent mod-els. The sec-ond 
and third columns

Overfull \hbox (72.2592pt too wide) in paragraph at lines 657--658
[]\T1/ptm/m/n/10 Michael D. Ward <\T1/zi4/m/n/10 <michael.d.ward@duke.edu>\T1/p
tm/m/n/10 > and Ja-cob M. Mont-gomery <\T1/zi4/m/n/10 <jacob.montgomery@wustl.e
du>\T1/ptm/m/n/10 >
[14]
Overfull \hbox (46.68091pt too wide) in paragraph at lines 666--666
 []\T1/zi4/m/n/9 this.ForecastData <- makeForecastData(.predCalibration=calibra
tionSample[,c("LMER", "SAE", "GLM")],[] 

Overfull \hbox (52.9809pt too wide) in paragraph at lines 667--667
 []\T1/zi4/m/n/9 .outcomeCalibration=calibrationSample[,"Insurgency"],.predTest
=testSample[,c("LMER", "SAE", "GLM")],[] 
(/usr/local/texlive/2014/texmf-dist/tex/latex/base/utf8.def) [15] (./Rd2.ind
[16]

LaTeX Font Warning: Font shape `T1/zi4/m/it' undefined
(Font)              using `T1/zi4/m/n' instead on input line 11.


Overfull \hbox (20.8567pt too wide) in paragraph at lines 26--28
[]\T1/zi4/m/it/10 EBMApredict,prediction,ForecastData-method 

Overfull \hbox (15.8567pt too wide) in paragraph at lines 53--55
[]\T1/zi4/m/it/10 getOutcomeCalibration,ForecastData-method 

Overfull \hbox (0.8567pt too wide) in paragraph at lines 57--59
[]\T1/zi4/m/it/10 getPredCalibration,ForecastData-method 

Overfull \hbox (15.8567pt too wide) in paragraph at lines 92--94
[]\T1/zi4/m/it/10 setOutcomeCalibration,ForecastData-method 

Overfull \hbox (25.8567pt too wide) in paragraph at lines 96--98
[]\T1/zi4/m/it/10 setOutcomeCalibration<-,ForecastData-method 

Overfull \hbox (0.8567pt too wide) in paragraph at lines 104--106
[]\T1/zi4/m/it/10 setPredCalibration,ForecastData-method 

Overfull \hbox (10.8567pt too wide) in paragraph at lines 108--110
[]\T1/zi4/m/it/10 setPredCalibration<-,ForecastData-method 
[17] [18]) (./Rd2.aux)

LaTeX Font Warning: Some font shapes were not available, defaults substituted.

 )
(see the transcript file for additional information){/usr/local/texlive/2014/te
xmf-dist/fonts/enc/dvips/inconsolata/i4-ts1.enc}{/usr/local/texlive/2014/texmf-
dist/fonts/enc/dvips/base/8r.enc}{/usr/local/texlive/2014/texmf-dist/fonts/enc/
dvips/inconsolata/i4-t1-0.enc}</usr/local/texlive/2014/texmf-dist/fonts/type1/p
ublic/inconsolata/Inconsolata-zi4r.pfb></usr/local/texlive/2014/texmf-dist/font
s/type1/public/amsfonts/cm/cmsy10.pfb></usr/local/texlive/2014/texmf-dist/fonts
/type1/urw/helvetic/uhvr8a.pfb></usr/local/texlive/2014/texmf-dist/fonts/type1/
urw/times/utmb8a.pfb></usr/local/texlive/2014/texmf-dist/fonts/type1/urw/times/
utmr8a.pfb></usr/local/texlive/2014/texmf-dist/fonts/type1/urw/times/utmr8a.pfb
></usr/local/texlive/2014/texmf-dist/fonts/type1/urw/times/utmri8a.pfb>
Output written on Rd2.pdf (18 pages, 121573 bytes).
Transcript written on Rd2.log.
Saving output to 'EBMAforecast-manual.pdf' ...
Done
You may want to clean up by 'rm -rf /var/folders/1_/fz0p5qtn48x1f2y4z2np7tm80000gn/T//RtmpgklLKj/Rd2pdf2a5a346a4cb4'
