Hmm ... looks like a package

This is pdfTeX, Version 3.14159265-2.6-1.40.15 (TeX Live 2014) (preloaded format=pdflatex)
 restricted \write18 enabled.
entering extended mode

(/private/var/folders/_j/4xc9sf991xg_p0cnjhsr_y_c0000gn/T/RtmpAJW0y9/Rd2pdf6f60
6cf7bddb/Rd2.tex
LaTeX2e <2014/05/01>
Babel <3.9k> and hyphenation patterns for 78 languages loaded.

(/usr/local/texlive/2014/texmf-dist/tex/latex/base/book.cls
Document Class: book 2007/10/19 v1.4h Standard LaTeX document class
(/usr/local/texlive/2014/texmf-dist/tex/latex/base/bk10.clo))
(/usr/local/Cellar/r/3.1.1/R.framework/Resources/share/texmf/tex/latex/Rd.sty
(/usr/local/texlive/2014/texmf-dist/tex/latex/base/ifthen.sty)
(/usr/local/texlive/2014/texmf-dist/tex/latex/tools/longtable.sty)
(/usr/local/texlive/2014/texmf-dist/tex/latex/tools/bm.sty)
(/usr/local/texlive/2014/texmf-dist/tex/latex/base/alltt.sty)
(/usr/local/texlive/2014/texmf-dist/tex/latex/tools/verbatim.sty)
(/usr/local/texlive/2014/texmf-dist/tex/latex/url/url.sty)
(/usr/local/texlive/2014/texmf-dist/tex/latex/base/textcomp.sty
(/usr/local/texlive/2014/texmf-dist/tex/latex/base/ts1enc.def))
(/usr/local/texlive/2014/texmf-dist/tex/latex/base/fontenc.sty
(/usr/local/texlive/2014/texmf-dist/tex/latex/base/t1enc.def))
(/usr/local/texlive/2014/texmf-dist/tex/latex/psnfss/times.sty)
(/usr/local/texlive/2014/texmf-dist/tex/latex/inconsolata/inconsolata.sty
(/usr/local/texlive/2014/texmf-dist/tex/latex/graphics/keyval.sty))
(/usr/local/texlive/2014/texmf-dist/tex/latex/graphics/color.sty
(/usr/local/texlive/2014/texmf-dist/tex/latex/latexconfig/color.cfg)
(/usr/local/texlive/2014/texmf-dist/tex/latex/pdftex-def/pdftex.def
(/usr/local/texlive/2014/texmf-dist/tex/generic/oberdiek/infwarerr.sty)
(/usr/local/texlive/2014/texmf-dist/tex/generic/oberdiek/ltxcmds.sty)))
(/usr/local/texlive/2014/texmf-dist/tex/latex/hyperref/hyperref.sty
(/usr/local/texlive/2014/texmf-dist/tex/generic/oberdiek/hobsub-hyperref.sty
(/usr/local/texlive/2014/texmf-dist/tex/generic/oberdiek/hobsub-generic.sty))
(/usr/local/texlive/2014/texmf-dist/tex/generic/ifxetex/ifxetex.sty)
(/usr/local/texlive/2014/texmf-dist/tex/latex/oberdiek/auxhook.sty)
(/usr/local/texlive/2014/texmf-dist/tex/latex/oberdiek/kvoptions.sty)
(/usr/local/texlive/2014/texmf-dist/tex/latex/hyperref/pd1enc.def)
(/usr/local/texlive/2014/texmf-dist/tex/latex/latexconfig/hyperref.cfg))

Package hyperref Message: Driver (autodetected): hpdftex.

(/usr/local/texlive/2014/texmf-dist/tex/latex/hyperref/hpdftex.def
(/usr/local/texlive/2014/texmf-dist/tex/latex/oberdiek/rerunfilecheck.sty))

Package hyperref Warning: Option `hyperindex' has already been used,
(hyperref)                setting the option has no effect on input line 361.


Package hyperref Warning: Option `pagebackref' has already been used,
(hyperref)                setting the option has no effect on input line 361.

) (/usr/local/texlive/2014/texmf-dist/tex/latex/base/makeidx.sty)
(/usr/local/texlive/2014/texmf-dist/tex/latex/base/inputenc.sty
(/usr/local/texlive/2014/texmf-dist/tex/latex/base/utf8.def
(/usr/local/texlive/2014/texmf-dist/tex/latex/base/t1enc.dfu)
(/usr/local/texlive/2014/texmf-dist/tex/latex/base/ot1enc.dfu)
(/usr/local/texlive/2014/texmf-dist/tex/latex/base/omsenc.dfu)
(/usr/local/texlive/2014/texmf-dist/tex/latex/base/ts1enc.dfu))
(/usr/local/texlive/2014/texmf-dist/tex/latex/base/latin1.def))
Writing index file Rd2.idx
No file Rd2.aux.
(/usr/local/texlive/2014/texmf-dist/tex/latex/base/ts1cmr.fd)
(/usr/local/texlive/2014/texmf-dist/tex/latex/psnfss/t1ptm.fd)
(/usr/local/texlive/2014/texmf-dist/tex/latex/upquote/upquote.sty)
(/usr/local/texlive/2014/texmf-dist/tex/context/base/supp-pdf.mkii
[Loading MPS to PDF converter (version 2006.09.02).]
) (/usr/local/texlive/2014/texmf-dist/tex/latex/hyperref/nameref.sty
(/usr/local/texlive/2014/texmf-dist/tex/generic/oberdiek/gettitlestring.sty))
(/usr/local/texlive/2014/texmf-dist/tex/latex/inconsolata/t1zi4.fd)
(/usr/local/texlive/2014/texmf-dist/tex/latex/psnfss/t1phv.fd)
(/usr/local/texlive/2014/texmf-dist/tex/latex/base/utf8.def) [1{/usr/local/texl
ive/2014/texmf-var/fonts/map/pdftex/updmap/pdftex.map}] [2]
Overfull \hbox (72.2592pt too wide) in paragraph at lines 139--142
[]\T1/ptm/m/n/10 Michael D. Ward <\T1/zi4/m/n/10 <michael.d.ward@duke.edu>\T1/p
tm/m/n/10 > and Ja-cob M. Mont-gomery <\T1/zi4/m/n/10 <jacob.montgomery@wustl.e
du>\T1/ptm/m/n/10 >

Overfull \hbox (46.68091pt too wide) in paragraph at lines 182--182
 []\T1/zi4/m/n/9 this.ForecastData <- makeForecastData(.predCalibration=calibra
tionSample[,c("LMER", "SAE", "GLM")],[] 

Overfull \hbox (52.9809pt too wide) in paragraph at lines 183--183
 []\T1/zi4/m/n/9 .outcomeCalibration=calibrationSample[,"Insurgency"],.predTest
=testSample[,c("LMER", "SAE", "GLM")],[] 
(/usr/local/texlive/2014/texmf-dist/tex/latex/base/utf8.def) [3]
(/usr/local/texlive/2014/texmf-dist/tex/latex/psnfss/ts1ptm.fd)
(/usr/local/texlive/2014/texmf-dist/tex/latex/base/utf8.def) [4]
Overfull \hbox (72.2592pt too wide) in paragraph at lines 304--306
[]\T1/ptm/m/n/10 Michael D. Ward <\T1/zi4/m/n/10 <michael.d.ward@duke.edu>\T1/p
tm/m/n/10 > and Ja-cob M. Mont-gomery <\T1/zi4/m/n/10 <jacob.montgomery@wustl.e
du>\T1/ptm/m/n/10 > 

Overfull \hbox (46.68091pt too wide) in paragraph at lines 325--325
 []\T1/zi4/m/n/9 this.ForecastData <- makeForecastData(.predCalibration=calibra
tionSample[,c("LMER", "SAE", "GLM")],[] 

Overfull \hbox (52.9809pt too wide) in paragraph at lines 326--326
 []\T1/zi4/m/n/9 .outcomeCalibration=calibrationSample[,"Insurgency"],.predTest
=testSample[,c("LMER", "SAE", "GLM")],[] 
[5] (/usr/local/texlive/2014/texmf-dist/tex/latex/base/utf8.def)
Overfull \hbox (72.2592pt too wide) in paragraph at lines 359--362
[]\T1/ptm/m/n/10 Michael D. Ward <\T1/zi4/m/n/10 <michael.d.ward@duke.edu>\T1/p
tm/m/n/10 > and Ja-cob M. Mont-gomery <\T1/zi4/m/n/10 <jacob.montgomery@wustl.e
du>\T1/ptm/m/n/10 >
(/usr/local/texlive/2014/texmf-dist/tex/latex/base/utf8.def) [6]
Overfull \hbox (72.2592pt too wide) in paragraph at lines 476--479
[]\T1/ptm/m/n/10 Michael D. Ward <\T1/zi4/m/n/10 <michael.d.ward@duke.edu>\T1/p
tm/m/n/10 > and Ja-cob M. Mont-gomery <\T1/zi4/m/n/10 <jacob.montgomery@wustl.e
du>\T1/ptm/m/n/10 >
[7]
Overfull \hbox (46.68091pt too wide) in paragraph at lines 497--497
 []\T1/zi4/m/n/9 this.ForecastData <- makeForecastData(.predCalibration=calibra
tionSample[,c("LMER", "SAE", "GLM")],[] 

Overfull \hbox (52.9809pt too wide) in paragraph at lines 498--498
 []\T1/zi4/m/n/9 .outcomeCalibration=calibrationSample[,"Insurgency"],.predTest
=testSample[,c("LMER", "SAE", "GLM")],[] 
(/usr/local/texlive/2014/texmf-dist/tex/latex/base/utf8.def) [8]
Overfull \hbox (72.2592pt too wide) in paragraph at lines 587--590
[]\T1/ptm/m/n/10 Michael D. Ward <\T1/zi4/m/n/10 <michael.d.ward@duke.edu>\T1/p
tm/m/n/10 > and Ja-cob M. Mont-gomery <\T1/zi4/m/n/10 <jacob.montgomery@wustl.e
du>\T1/ptm/m/n/10 >

Overfull \hbox (46.68091pt too wide) in paragraph at lines 608--608
 []\T1/zi4/m/n/9 this.ForecastData <- makeForecastData(.predCalibration=calibra
tionSample[,c("LMER", "SAE", "GLM")],[] 

Overfull \hbox (52.9809pt too wide) in paragraph at lines 609--609
 []\T1/zi4/m/n/9 .outcomeCalibration=calibrationSample[,"Insurgency"],.predTest
=testSample[,c("LMER", "SAE", "GLM")],[] 
[9] (/usr/local/texlive/2014/texmf-dist/tex/latex/base/utf8.def)
Underfull \hbox (badness 2961) in paragraph at lines 631--631
[]\T1/ptm/m/it/10 Plotting func-tion for en-sem-ble mod-els of the class "FDat-
Fit-
(/usr/local/texlive/2014/texmf-dist/tex/latex/inconsolata/ts1zi4.fd) [10]
Overfull \hbox (72.2592pt too wide) in paragraph at lines 726--728
[]\T1/ptm/m/n/10 Michael D. Ward <\T1/zi4/m/n/10 <michael.d.ward@duke.edu>\T1/p
tm/m/n/10 > and Ja-cob M. Mont-gomery <\T1/zi4/m/n/10 <jacob.montgomery@wustl.e
du>\T1/ptm/m/n/10 > 

Overfull \hbox (46.68091pt too wide) in paragraph at lines 757--757
 []\T1/zi4/m/n/9 this.ForecastData <- makeForecastData(.predCalibration=calibra
tionSample[,c("LMER", "SAE", "GLM")],[] 

Overfull \hbox (52.9809pt too wide) in paragraph at lines 758--758
 []\T1/zi4/m/n/9 .outcomeCalibration=calibrationSample[,"Insurgency"],.predTest
=testSample[,c("LMER", "SAE", "GLM")],[] 
(/usr/local/texlive/2014/texmf-dist/tex/latex/base/utf8.def) [11]
(/usr/local/texlive/2014/texmf-dist/tex/latex/base/utf8.def) [12]
Overfull \hbox (0.868pt too wide) in paragraph at lines 881--891
\T1/ptm/m/n/10 model weights as-signed to the com-po-nent mod-els. The sec-ond 
and third columns

Overfull \hbox (72.2592pt too wide) in paragraph at lines 895--897
[]\T1/ptm/m/n/10 Michael D. Ward <\T1/zi4/m/n/10 <michael.d.ward@duke.edu>\T1/p
tm/m/n/10 > and Ja-cob M. Mont-gomery <\T1/zi4/m/n/10 <jacob.montgomery@wustl.e
du>\T1/ptm/m/n/10 > 
[13]
Overfull \hbox (46.68091pt too wide) in paragraph at lines 905--905
 []\T1/zi4/m/n/9 this.ForecastData <- makeForecastData(.predCalibration=calibra
tionSample[,c("LMER", "SAE", "GLM")],[] 

Overfull \hbox (52.9809pt too wide) in paragraph at lines 906--906
 []\T1/zi4/m/n/9 .outcomeCalibration=calibrationSample[,"Insurgency"],.predTest
=testSample[,c("LMER", "SAE", "GLM")],[] 
(/usr/local/texlive/2014/texmf-dist/tex/latex/base/utf8.def)
(/usr/local/texlive/2014/texmf-dist/tex/latex/base/utf8.def) [14]
No file Rd2.ind.
[15pdfTeX warning (ext4): destination with the same identifier (name{Rfn.testSa
mple}) has been already used, duplicate ignored

\AtBegShi@Output ...ipout \box \AtBeginShipoutBox 
                                                  \fi \fi 
l.1011 \end{document}
                     pdfTeX warning (ext4): destination with the same identifie
r (name{Rfn.testSample.1}) has been already used, duplicate ignored

\AtBegShi@Output ...ipout \box \AtBeginShipoutBox 
                                                  \fi \fi 
l.1011 \end{document}
                     ] (./Rd2.aux)

Package rerunfilecheck Warning: File `Rd2.out' has changed.
(rerunfilecheck)                Rerun to get outlines right
(rerunfilecheck)                or use package `bookmark'.

 )
(see the transcript file for additional information)pdfTeX warning (dest): name
{Rfn.plot.window} has been referenced but does not exist, replaced by a fixed o
ne

pdfTeX warning (dest): name{Rfn.title} has been referenced but does not exist, 
replaced by a fixed one

pdfTeX warning (dest): name{Rfn.plot.factor} has been referenced but does not e
xist, replaced by a fixed one

pdfTeX warning (dest): name{Rfn.par} has been referenced but does not exist, re
placed by a fixed one

pdfTeX warning (dest): name{Rfn.graphical\040parameters} has been referenced bu
t does not exist, replaced by a fixed one

{/usr/local/texlive/2014/texmf-dist/fonts/enc/dvips/inconsolata/i4-ts1.enc}{/us
r/local/texlive/2014/texmf-dist/fonts/enc/dvips/base/8r.enc}{/usr/local/texlive
/2014/texmf-dist/fonts/enc/dvips/inconsolata/i4-t1-0.enc}</usr/local/texlive/20
14/texmf-dist/fonts/type1/public/inconsolata/Inconsolata-zi4r.pfb></usr/local/t
exlive/2014/texmf-dist/fonts/type1/public/amsfonts/cm/cmmi10.pfb></usr/local/te
xlive/2014/texmf-dist/fonts/type1/urw/helvetic/uhvr8a.pfb></usr/local/texlive/2
014/texmf-dist/fonts/type1/urw/times/utmb8a.pfb></usr/local/texlive/2014/texmf-
dist/fonts/type1/urw/times/utmr8a.pfb></usr/local/texlive/2014/texmf-dist/fonts
/type1/urw/times/utmr8a.pfb></usr/local/texlive/2014/texmf-dist/fonts/type1/urw
/times/utmri8a.pfb>
Output written on Rd2.pdf (15 pages, 116229 bytes).
Transcript written on Rd2.log.
This is makeindex, version 2.15 [TeX Live 2014] (kpathsea + Thai support).
Scanning input file ./Rd2.idx....done (62 entries accepted, 0 rejected).
Sorting entries....done (370 comparisons).
Generating output file ./Rd2.ind....done (132 lines written, 0 warnings).
Output written in ./Rd2.ind.
Transcript written in ./Rd2.ilg.
This is pdfTeX, Version 3.14159265-2.6-1.40.15 (TeX Live 2014) (preloaded format=pdflatex)
 restricted \write18 enabled.
entering extended mode

(/private/var/folders/_j/4xc9sf991xg_p0cnjhsr_y_c0000gn/T/RtmpAJW0y9/Rd2pdf6f60
6cf7bddb/Rd2.tex
LaTeX2e <2014/05/01>
Babel <3.9k> and hyphenation patterns for 78 languages loaded.

(/usr/local/texlive/2014/texmf-dist/tex/latex/base/book.cls
Document Class: book 2007/10/19 v1.4h Standard LaTeX document class
(/usr/local/texlive/2014/texmf-dist/tex/latex/base/bk10.clo))
(/usr/local/Cellar/r/3.1.1/R.framework/Resources/share/texmf/tex/latex/Rd.sty
(/usr/local/texlive/2014/texmf-dist/tex/latex/base/ifthen.sty)
(/usr/local/texlive/2014/texmf-dist/tex/latex/tools/longtable.sty)
(/usr/local/texlive/2014/texmf-dist/tex/latex/tools/bm.sty)
(/usr/local/texlive/2014/texmf-dist/tex/latex/base/alltt.sty)
(/usr/local/texlive/2014/texmf-dist/tex/latex/tools/verbatim.sty)
(/usr/local/texlive/2014/texmf-dist/tex/latex/url/url.sty)
(/usr/local/texlive/2014/texmf-dist/tex/latex/base/textcomp.sty
(/usr/local/texlive/2014/texmf-dist/tex/latex/base/ts1enc.def))
(/usr/local/texlive/2014/texmf-dist/tex/latex/base/fontenc.sty
(/usr/local/texlive/2014/texmf-dist/tex/latex/base/t1enc.def))
(/usr/local/texlive/2014/texmf-dist/tex/latex/psnfss/times.sty)
(/usr/local/texlive/2014/texmf-dist/tex/latex/inconsolata/inconsolata.sty
(/usr/local/texlive/2014/texmf-dist/tex/latex/graphics/keyval.sty))
(/usr/local/texlive/2014/texmf-dist/tex/latex/graphics/color.sty
(/usr/local/texlive/2014/texmf-dist/tex/latex/latexconfig/color.cfg)
(/usr/local/texlive/2014/texmf-dist/tex/latex/pdftex-def/pdftex.def
(/usr/local/texlive/2014/texmf-dist/tex/generic/oberdiek/infwarerr.sty)
(/usr/local/texlive/2014/texmf-dist/tex/generic/oberdiek/ltxcmds.sty)))
(/usr/local/texlive/2014/texmf-dist/tex/latex/hyperref/hyperref.sty
(/usr/local/texlive/2014/texmf-dist/tex/generic/oberdiek/hobsub-hyperref.sty
(/usr/local/texlive/2014/texmf-dist/tex/generic/oberdiek/hobsub-generic.sty))
(/usr/local/texlive/2014/texmf-dist/tex/generic/ifxetex/ifxetex.sty)
(/usr/local/texlive/2014/texmf-dist/tex/latex/oberdiek/auxhook.sty)
(/usr/local/texlive/2014/texmf-dist/tex/latex/oberdiek/kvoptions.sty)
(/usr/local/texlive/2014/texmf-dist/tex/latex/hyperref/pd1enc.def)
(/usr/local/texlive/2014/texmf-dist/tex/latex/latexconfig/hyperref.cfg))

Package hyperref Message: Driver (autodetected): hpdftex.

(/usr/local/texlive/2014/texmf-dist/tex/latex/hyperref/hpdftex.def
(/usr/local/texlive/2014/texmf-dist/tex/latex/oberdiek/rerunfilecheck.sty))

Package hyperref Warning: Option `hyperindex' has already been used,
(hyperref)                setting the option has no effect on input line 361.


Package hyperref Warning: Option `pagebackref' has already been used,
(hyperref)                setting the option has no effect on input line 361.

) (/usr/local/texlive/2014/texmf-dist/tex/latex/base/makeidx.sty)
(/usr/local/texlive/2014/texmf-dist/tex/latex/base/inputenc.sty
(/usr/local/texlive/2014/texmf-dist/tex/latex/base/utf8.def
(/usr/local/texlive/2014/texmf-dist/tex/latex/base/t1enc.dfu)
(/usr/local/texlive/2014/texmf-dist/tex/latex/base/ot1enc.dfu)
(/usr/local/texlive/2014/texmf-dist/tex/latex/base/omsenc.dfu)
(/usr/local/texlive/2014/texmf-dist/tex/latex/base/ts1enc.dfu))
(/usr/local/texlive/2014/texmf-dist/tex/latex/base/latin1.def))
Writing index file Rd2.idx
(./Rd2.aux) (/usr/local/texlive/2014/texmf-dist/tex/latex/base/ts1cmr.fd)
(/usr/local/texlive/2014/texmf-dist/tex/latex/psnfss/t1ptm.fd)
(/usr/local/texlive/2014/texmf-dist/tex/latex/upquote/upquote.sty)
(/usr/local/texlive/2014/texmf-dist/tex/context/base/supp-pdf.mkii
[Loading MPS to PDF converter (version 2006.09.02).]
) (/usr/local/texlive/2014/texmf-dist/tex/latex/hyperref/nameref.sty
(/usr/local/texlive/2014/texmf-dist/tex/generic/oberdiek/gettitlestring.sty))
(./Rd2.out) (./Rd2.out)
(/usr/local/texlive/2014/texmf-dist/tex/latex/inconsolata/t1zi4.fd)
(/usr/local/texlive/2014/texmf-dist/tex/latex/psnfss/t1phv.fd) (./Rd2.toc)
(/usr/local/texlive/2014/texmf-dist/tex/latex/base/utf8.def) [1{/usr/local/texl
ive/2014/texmf-var/fonts/map/pdftex/updmap/pdftex.map}] [2]
Overfull \hbox (72.2592pt too wide) in paragraph at lines 139--142
[]\T1/ptm/m/n/10 Michael D. Ward <\T1/zi4/m/n/10 <michael.d.ward@duke.edu>\T1/p
tm/m/n/10 > and Ja-cob M. Mont-gomery <\T1/zi4/m/n/10 <jacob.montgomery@wustl.e
du>\T1/ptm/m/n/10 >
[3]
Overfull \hbox (46.68091pt too wide) in paragraph at lines 182--182
 []\T1/zi4/m/n/9 this.ForecastData <- makeForecastData(.predCalibration=calibra
tionSample[,c("LMER", "SAE", "GLM")],[] 

Overfull \hbox (52.9809pt too wide) in paragraph at lines 183--183
 []\T1/zi4/m/n/9 .outcomeCalibration=calibrationSample[,"Insurgency"],.predTest
=testSample[,c("LMER", "SAE", "GLM")],[] 
(/usr/local/texlive/2014/texmf-dist/tex/latex/base/utf8.def)
(/usr/local/texlive/2014/texmf-dist/tex/latex/psnfss/ts1ptm.fd)
(/usr/local/texlive/2014/texmf-dist/tex/latex/base/utf8.def) [4]
Overfull \hbox (72.2592pt too wide) in paragraph at lines 304--306
[]\T1/ptm/m/n/10 Michael D. Ward <\T1/zi4/m/n/10 <michael.d.ward@duke.edu>\T1/p
tm/m/n/10 > and Ja-cob M. Mont-gomery <\T1/zi4/m/n/10 <jacob.montgomery@wustl.e
du>\T1/ptm/m/n/10 > 
[5]
Overfull \hbox (46.68091pt too wide) in paragraph at lines 325--325
 []\T1/zi4/m/n/9 this.ForecastData <- makeForecastData(.predCalibration=calibra
tionSample[,c("LMER", "SAE", "GLM")],[] 

Overfull \hbox (52.9809pt too wide) in paragraph at lines 326--326
 []\T1/zi4/m/n/9 .outcomeCalibration=calibrationSample[,"Insurgency"],.predTest
=testSample[,c("LMER", "SAE", "GLM")],[] 
(/usr/local/texlive/2014/texmf-dist/tex/latex/base/utf8.def)
Overfull \hbox (72.2592pt too wide) in paragraph at lines 359--362
[]\T1/ptm/m/n/10 Michael D. Ward <\T1/zi4/m/n/10 <michael.d.ward@duke.edu>\T1/p
tm/m/n/10 > and Ja-cob M. Mont-gomery <\T1/zi4/m/n/10 <jacob.montgomery@wustl.e
du>\T1/ptm/m/n/10 >
[6] (/usr/local/texlive/2014/texmf-dist/tex/latex/base/utf8.def) [7]
Overfull \hbox (72.2592pt too wide) in paragraph at lines 476--479
[]\T1/ptm/m/n/10 Michael D. Ward <\T1/zi4/m/n/10 <michael.d.ward@duke.edu>\T1/p
tm/m/n/10 > and Ja-cob M. Mont-gomery <\T1/zi4/m/n/10 <jacob.montgomery@wustl.e
du>\T1/ptm/m/n/10 >

Overfull \hbox (46.68091pt too wide) in paragraph at lines 497--497
 []\T1/zi4/m/n/9 this.ForecastData <- makeForecastData(.predCalibration=calibra
tionSample[,c("LMER", "SAE", "GLM")],[] 

Overfull \hbox (52.9809pt too wide) in paragraph at lines 498--498
 []\T1/zi4/m/n/9 .outcomeCalibration=calibrationSample[,"Insurgency"],.predTest
=testSample[,c("LMER", "SAE", "GLM")],[] 
(/usr/local/texlive/2014/texmf-dist/tex/latex/base/utf8.def) [8]
Overfull \hbox (72.2592pt too wide) in paragraph at lines 587--590
[]\T1/ptm/m/n/10 Michael D. Ward <\T1/zi4/m/n/10 <michael.d.ward@duke.edu>\T1/p
tm/m/n/10 > and Ja-cob M. Mont-gomery <\T1/zi4/m/n/10 <jacob.montgomery@wustl.e
du>\T1/ptm/m/n/10 >
[9]
Overfull \hbox (46.68091pt too wide) in paragraph at lines 608--608
 []\T1/zi4/m/n/9 this.ForecastData <- makeForecastData(.predCalibration=calibra
tionSample[,c("LMER", "SAE", "GLM")],[] 

Overfull \hbox (52.9809pt too wide) in paragraph at lines 609--609
 []\T1/zi4/m/n/9 .outcomeCalibration=calibrationSample[,"Insurgency"],.predTest
=testSample[,c("LMER", "SAE", "GLM")],[] 
(/usr/local/texlive/2014/texmf-dist/tex/latex/base/utf8.def)
Underfull \hbox (badness 2961) in paragraph at lines 631--631
[]\T1/ptm/m/it/10 Plotting func-tion for en-sem-ble mod-els of the class "FDat-
Fit-
(/usr/local/texlive/2014/texmf-dist/tex/latex/inconsolata/ts1zi4.fd) [10]
Overfull \hbox (72.2592pt too wide) in paragraph at lines 726--728
[]\T1/ptm/m/n/10 Michael D. Ward <\T1/zi4/m/n/10 <michael.d.ward@duke.edu>\T1/p
tm/m/n/10 > and Ja-cob M. Mont-gomery <\T1/zi4/m/n/10 <jacob.montgomery@wustl.e
du>\T1/ptm/m/n/10 > 
[11]
Overfull \hbox (46.68091pt too wide) in paragraph at lines 757--757
 []\T1/zi4/m/n/9 this.ForecastData <- makeForecastData(.predCalibration=calibra
tionSample[,c("LMER", "SAE", "GLM")],[] 

Overfull \hbox (52.9809pt too wide) in paragraph at lines 758--758
 []\T1/zi4/m/n/9 .outcomeCalibration=calibrationSample[,"Insurgency"],.predTest
=testSample[,c("LMER", "SAE", "GLM")],[] 
(/usr/local/texlive/2014/texmf-dist/tex/latex/base/utf8.def) [12]
(/usr/local/texlive/2014/texmf-dist/tex/latex/base/utf8.def)
Overfull \hbox (0.868pt too wide) in paragraph at lines 881--891
\T1/ptm/m/n/10 model weights as-signed to the com-po-nent mod-els. The sec-ond 
and third columns

Overfull \hbox (72.2592pt too wide) in paragraph at lines 895--897
[]\T1/ptm/m/n/10 Michael D. Ward <\T1/zi4/m/n/10 <michael.d.ward@duke.edu>\T1/p
tm/m/n/10 > and Ja-cob M. Mont-gomery <\T1/zi4/m/n/10 <jacob.montgomery@wustl.e
du>\T1/ptm/m/n/10 > 
[13]
Overfull \hbox (46.68091pt too wide) in paragraph at lines 905--905
 []\T1/zi4/m/n/9 this.ForecastData <- makeForecastData(.predCalibration=calibra
tionSample[,c("LMER", "SAE", "GLM")],[] 

Overfull \hbox (52.9809pt too wide) in paragraph at lines 906--906
 []\T1/zi4/m/n/9 .outcomeCalibration=calibrationSample[,"Insurgency"],.predTest
=testSample[,c("LMER", "SAE", "GLM")],[] 
(/usr/local/texlive/2014/texmf-dist/tex/latex/base/utf8.def) [14]
(/usr/local/texlive/2014/texmf-dist/tex/latex/base/utf8.def)pdfTeX warning (ext
4): destination with the same identifier (name{Rfn.testSample}) has been alread
y used, duplicate ignored
<to be read again> 
                   \relax 
l.965 ...testSample}{Test sample data}{testSample}
                                                  pdfTeX warning (ext4): destin
ation with the same identifier (name{Rfn.testSample.1}) has been already used, 
duplicate ignored
<to be read again> 
                   \relax 
l.965 ...testSample}{Test sample data}{testSample}
                                                   (./Rd2.ind [15]

LaTeX Font Warning: Font shape `T1/zi4/m/it' undefined
(Font)              using `T1/zi4/m/n' instead on input line 11.


Overfull \hbox (15.8567pt too wide) in paragraph at lines 50--52
[]\T1/zi4/m/it/10 getOutcomeCalibration,ForecastData-method 

Overfull \hbox (0.8567pt too wide) in paragraph at lines 54--56
[]\T1/zi4/m/it/10 getPredCalibration,ForecastData-method 

Overfull \hbox (15.8567pt too wide) in paragraph at lines 93--95
[]\T1/zi4/m/it/10 setOutcomeCalibration,ForecastData-method 

Overfull \hbox (25.8567pt too wide) in paragraph at lines 97--99
[]\T1/zi4/m/it/10 setOutcomeCalibration<-,ForecastData-method 

Overfull \hbox (0.8567pt too wide) in paragraph at lines 105--107
[]\T1/zi4/m/it/10 setPredCalibration,ForecastData-method 

Overfull \hbox (10.8567pt too wide) in paragraph at lines 109--111
[]\T1/zi4/m/it/10 setPredCalibration<-,ForecastData-method 
[16] [17]) (./Rd2.aux)

Package rerunfilecheck Warning: File `Rd2.out' has changed.
(rerunfilecheck)                Rerun to get outlines right
(rerunfilecheck)                or use package `bookmark'.


LaTeX Font Warning: Some font shapes were not available, defaults substituted.

 )
(see the transcript file for additional information)pdfTeX warning (dest): name
{Rfn.plot.window} has been referenced but does not exist, replaced by a fixed o
ne

pdfTeX warning (dest): name{Rfn.title} has been referenced but does not exist, 
replaced by a fixed one

pdfTeX warning (dest): name{Rfn.plot.factor} has been referenced but does not e
xist, replaced by a fixed one

pdfTeX warning (dest): name{Rfn.par} has been referenced but does not exist, re
placed by a fixed one

pdfTeX warning (dest): name{Rfn.graphical\040parameters} has been referenced bu
t does not exist, replaced by a fixed one

{/usr/local/texlive/2014/texmf-dist/fonts/enc/dvips/inconsolata/i4-ts1.enc}{/us
r/local/texlive/2014/texmf-dist/fonts/enc/dvips/base/8r.enc}{/usr/local/texlive
/2014/texmf-dist/fonts/enc/dvips/inconsolata/i4-t1-0.enc}</usr/local/texlive/20
14/texmf-dist/fonts/type1/public/inconsolata/Inconsolata-zi4r.pfb></usr/local/t
exlive/2014/texmf-dist/fonts/type1/public/amsfonts/cm/cmmi10.pfb></usr/local/te
xlive/2014/texmf-dist/fonts/type1/public/amsfonts/cm/cmsy10.pfb></usr/local/tex
live/2014/texmf-dist/fonts/type1/urw/helvetic/uhvr8a.pfb></usr/local/texlive/20
14/texmf-dist/fonts/type1/urw/times/utmb8a.pfb></usr/local/texlive/2014/texmf-d
ist/fonts/type1/urw/times/utmr8a.pfb></usr/local/texlive/2014/texmf-dist/fonts/
type1/urw/times/utmr8a.pfb></usr/local/texlive/2014/texmf-dist/fonts/type1/urw/
times/utmri8a.pfb>
Output written on Rd2.pdf (17 pages, 129399 bytes).
Transcript written on Rd2.log.
This is makeindex, version 2.15 [TeX Live 2014] (kpathsea + Thai support).
Scanning input file ./Rd2.idx....done (62 entries accepted, 0 rejected).
Sorting entries....done (370 comparisons).
Generating output file ./Rd2.ind....done (132 lines written, 0 warnings).
Output written in ./Rd2.ind.
Transcript written in ./Rd2.ilg.
This is pdfTeX, Version 3.14159265-2.6-1.40.15 (TeX Live 2014) (preloaded format=pdflatex)
 restricted \write18 enabled.
entering extended mode

(/private/var/folders/_j/4xc9sf991xg_p0cnjhsr_y_c0000gn/T/RtmpAJW0y9/Rd2pdf6f60
6cf7bddb/Rd2.tex
LaTeX2e <2014/05/01>
Babel <3.9k> and hyphenation patterns for 78 languages loaded.

(/usr/local/texlive/2014/texmf-dist/tex/latex/base/book.cls
Document Class: book 2007/10/19 v1.4h Standard LaTeX document class
(/usr/local/texlive/2014/texmf-dist/tex/latex/base/bk10.clo))
(/usr/local/Cellar/r/3.1.1/R.framework/Resources/share/texmf/tex/latex/Rd.sty
(/usr/local/texlive/2014/texmf-dist/tex/latex/base/ifthen.sty)
(/usr/local/texlive/2014/texmf-dist/tex/latex/tools/longtable.sty)
(/usr/local/texlive/2014/texmf-dist/tex/latex/tools/bm.sty)
(/usr/local/texlive/2014/texmf-dist/tex/latex/base/alltt.sty)
(/usr/local/texlive/2014/texmf-dist/tex/latex/tools/verbatim.sty)
(/usr/local/texlive/2014/texmf-dist/tex/latex/url/url.sty)
(/usr/local/texlive/2014/texmf-dist/tex/latex/base/textcomp.sty
(/usr/local/texlive/2014/texmf-dist/tex/latex/base/ts1enc.def))
(/usr/local/texlive/2014/texmf-dist/tex/latex/base/fontenc.sty
(/usr/local/texlive/2014/texmf-dist/tex/latex/base/t1enc.def))
(/usr/local/texlive/2014/texmf-dist/tex/latex/psnfss/times.sty)
(/usr/local/texlive/2014/texmf-dist/tex/latex/inconsolata/inconsolata.sty
(/usr/local/texlive/2014/texmf-dist/tex/latex/graphics/keyval.sty))
(/usr/local/texlive/2014/texmf-dist/tex/latex/graphics/color.sty
(/usr/local/texlive/2014/texmf-dist/tex/latex/latexconfig/color.cfg)
(/usr/local/texlive/2014/texmf-dist/tex/latex/pdftex-def/pdftex.def
(/usr/local/texlive/2014/texmf-dist/tex/generic/oberdiek/infwarerr.sty)
(/usr/local/texlive/2014/texmf-dist/tex/generic/oberdiek/ltxcmds.sty)))
(/usr/local/texlive/2014/texmf-dist/tex/latex/hyperref/hyperref.sty
(/usr/local/texlive/2014/texmf-dist/tex/generic/oberdiek/hobsub-hyperref.sty
(/usr/local/texlive/2014/texmf-dist/tex/generic/oberdiek/hobsub-generic.sty))
(/usr/local/texlive/2014/texmf-dist/tex/generic/ifxetex/ifxetex.sty)
(/usr/local/texlive/2014/texmf-dist/tex/latex/oberdiek/auxhook.sty)
(/usr/local/texlive/2014/texmf-dist/tex/latex/oberdiek/kvoptions.sty)
(/usr/local/texlive/2014/texmf-dist/tex/latex/hyperref/pd1enc.def)
(/usr/local/texlive/2014/texmf-dist/tex/latex/latexconfig/hyperref.cfg))

Package hyperref Message: Driver (autodetected): hpdftex.

(/usr/local/texlive/2014/texmf-dist/tex/latex/hyperref/hpdftex.def
(/usr/local/texlive/2014/texmf-dist/tex/latex/oberdiek/rerunfilecheck.sty))

Package hyperref Warning: Option `hyperindex' has already been used,
(hyperref)                setting the option has no effect on input line 361.


Package hyperref Warning: Option `pagebackref' has already been used,
(hyperref)                setting the option has no effect on input line 361.

) (/usr/local/texlive/2014/texmf-dist/tex/latex/base/makeidx.sty)
(/usr/local/texlive/2014/texmf-dist/tex/latex/base/inputenc.sty
(/usr/local/texlive/2014/texmf-dist/tex/latex/base/utf8.def
(/usr/local/texlive/2014/texmf-dist/tex/latex/base/t1enc.dfu)
(/usr/local/texlive/2014/texmf-dist/tex/latex/base/ot1enc.dfu)
(/usr/local/texlive/2014/texmf-dist/tex/latex/base/omsenc.dfu)
(/usr/local/texlive/2014/texmf-dist/tex/latex/base/ts1enc.dfu))
(/usr/local/texlive/2014/texmf-dist/tex/latex/base/latin1.def))
Writing index file Rd2.idx
(./Rd2.aux) (/usr/local/texlive/2014/texmf-dist/tex/latex/base/ts1cmr.fd)
(/usr/local/texlive/2014/texmf-dist/tex/latex/psnfss/t1ptm.fd)
(/usr/local/texlive/2014/texmf-dist/tex/latex/upquote/upquote.sty)
(/usr/local/texlive/2014/texmf-dist/tex/context/base/supp-pdf.mkii
[Loading MPS to PDF converter (version 2006.09.02).]
) (/usr/local/texlive/2014/texmf-dist/tex/latex/hyperref/nameref.sty
(/usr/local/texlive/2014/texmf-dist/tex/generic/oberdiek/gettitlestring.sty))
(./Rd2.out) (./Rd2.out)
(/usr/local/texlive/2014/texmf-dist/tex/latex/inconsolata/t1zi4.fd)
(/usr/local/texlive/2014/texmf-dist/tex/latex/psnfss/t1phv.fd) (./Rd2.toc)
(/usr/local/texlive/2014/texmf-dist/tex/latex/base/utf8.def) [1{/usr/local/texl
ive/2014/texmf-var/fonts/map/pdftex/updmap/pdftex.map}] [2]
Overfull \hbox (72.2592pt too wide) in paragraph at lines 139--142
[]\T1/ptm/m/n/10 Michael D. Ward <\T1/zi4/m/n/10 <michael.d.ward@duke.edu>\T1/p
tm/m/n/10 > and Ja-cob M. Mont-gomery <\T1/zi4/m/n/10 <jacob.montgomery@wustl.e
du>\T1/ptm/m/n/10 >
[3]
Overfull \hbox (46.68091pt too wide) in paragraph at lines 182--182
 []\T1/zi4/m/n/9 this.ForecastData <- makeForecastData(.predCalibration=calibra
tionSample[,c("LMER", "SAE", "GLM")],[] 

Overfull \hbox (52.9809pt too wide) in paragraph at lines 183--183
 []\T1/zi4/m/n/9 .outcomeCalibration=calibrationSample[,"Insurgency"],.predTest
=testSample[,c("LMER", "SAE", "GLM")],[] 
(/usr/local/texlive/2014/texmf-dist/tex/latex/base/utf8.def)
(/usr/local/texlive/2014/texmf-dist/tex/latex/psnfss/ts1ptm.fd)
(/usr/local/texlive/2014/texmf-dist/tex/latex/base/utf8.def) [4]
Overfull \hbox (72.2592pt too wide) in paragraph at lines 304--306
[]\T1/ptm/m/n/10 Michael D. Ward <\T1/zi4/m/n/10 <michael.d.ward@duke.edu>\T1/p
tm/m/n/10 > and Ja-cob M. Mont-gomery <\T1/zi4/m/n/10 <jacob.montgomery@wustl.e
du>\T1/ptm/m/n/10 > 
[5]
Overfull \hbox (46.68091pt too wide) in paragraph at lines 325--325
 []\T1/zi4/m/n/9 this.ForecastData <- makeForecastData(.predCalibration=calibra
tionSample[,c("LMER", "SAE", "GLM")],[] 

Overfull \hbox (52.9809pt too wide) in paragraph at lines 326--326
 []\T1/zi4/m/n/9 .outcomeCalibration=calibrationSample[,"Insurgency"],.predTest
=testSample[,c("LMER", "SAE", "GLM")],[] 
(/usr/local/texlive/2014/texmf-dist/tex/latex/base/utf8.def)
Overfull \hbox (72.2592pt too wide) in paragraph at lines 359--362
[]\T1/ptm/m/n/10 Michael D. Ward <\T1/zi4/m/n/10 <michael.d.ward@duke.edu>\T1/p
tm/m/n/10 > and Ja-cob M. Mont-gomery <\T1/zi4/m/n/10 <jacob.montgomery@wustl.e
du>\T1/ptm/m/n/10 >
[6] (/usr/local/texlive/2014/texmf-dist/tex/latex/base/utf8.def) [7]
Overfull \hbox (72.2592pt too wide) in paragraph at lines 476--479
[]\T1/ptm/m/n/10 Michael D. Ward <\T1/zi4/m/n/10 <michael.d.ward@duke.edu>\T1/p
tm/m/n/10 > and Ja-cob M. Mont-gomery <\T1/zi4/m/n/10 <jacob.montgomery@wustl.e
du>\T1/ptm/m/n/10 >

Overfull \hbox (46.68091pt too wide) in paragraph at lines 497--497
 []\T1/zi4/m/n/9 this.ForecastData <- makeForecastData(.predCalibration=calibra
tionSample[,c("LMER", "SAE", "GLM")],[] 

Overfull \hbox (52.9809pt too wide) in paragraph at lines 498--498
 []\T1/zi4/m/n/9 .outcomeCalibration=calibrationSample[,"Insurgency"],.predTest
=testSample[,c("LMER", "SAE", "GLM")],[] 
(/usr/local/texlive/2014/texmf-dist/tex/latex/base/utf8.def) [8]
Overfull \hbox (72.2592pt too wide) in paragraph at lines 587--590
[]\T1/ptm/m/n/10 Michael D. Ward <\T1/zi4/m/n/10 <michael.d.ward@duke.edu>\T1/p
tm/m/n/10 > and Ja-cob M. Mont-gomery <\T1/zi4/m/n/10 <jacob.montgomery@wustl.e
du>\T1/ptm/m/n/10 >
[9]
Overfull \hbox (46.68091pt too wide) in paragraph at lines 608--608
 []\T1/zi4/m/n/9 this.ForecastData <- makeForecastData(.predCalibration=calibra
tionSample[,c("LMER", "SAE", "GLM")],[] 

Overfull \hbox (52.9809pt too wide) in paragraph at lines 609--609
 []\T1/zi4/m/n/9 .outcomeCalibration=calibrationSample[,"Insurgency"],.predTest
=testSample[,c("LMER", "SAE", "GLM")],[] 
(/usr/local/texlive/2014/texmf-dist/tex/latex/base/utf8.def)
Underfull \hbox (badness 2961) in paragraph at lines 631--631
[]\T1/ptm/m/it/10 Plotting func-tion for en-sem-ble mod-els of the class "FDat-
Fit-
(/usr/local/texlive/2014/texmf-dist/tex/latex/inconsolata/ts1zi4.fd) [10]
Overfull \hbox (72.2592pt too wide) in paragraph at lines 726--728
[]\T1/ptm/m/n/10 Michael D. Ward <\T1/zi4/m/n/10 <michael.d.ward@duke.edu>\T1/p
tm/m/n/10 > and Ja-cob M. Mont-gomery <\T1/zi4/m/n/10 <jacob.montgomery@wustl.e
du>\T1/ptm/m/n/10 > 
[11]
Overfull \hbox (46.68091pt too wide) in paragraph at lines 757--757
 []\T1/zi4/m/n/9 this.ForecastData <- makeForecastData(.predCalibration=calibra
tionSample[,c("LMER", "SAE", "GLM")],[] 

Overfull \hbox (52.9809pt too wide) in paragraph at lines 758--758
 []\T1/zi4/m/n/9 .outcomeCalibration=calibrationSample[,"Insurgency"],.predTest
=testSample[,c("LMER", "SAE", "GLM")],[] 
(/usr/local/texlive/2014/texmf-dist/tex/latex/base/utf8.def) [12]
(/usr/local/texlive/2014/texmf-dist/tex/latex/base/utf8.def)
Overfull \hbox (0.868pt too wide) in paragraph at lines 881--891
\T1/ptm/m/n/10 model weights as-signed to the com-po-nent mod-els. The sec-ond 
and third columns

Overfull \hbox (72.2592pt too wide) in paragraph at lines 895--897
[]\T1/ptm/m/n/10 Michael D. Ward <\T1/zi4/m/n/10 <michael.d.ward@duke.edu>\T1/p
tm/m/n/10 > and Ja-cob M. Mont-gomery <\T1/zi4/m/n/10 <jacob.montgomery@wustl.e
du>\T1/ptm/m/n/10 > 
[13]
Overfull \hbox (46.68091pt too wide) in paragraph at lines 905--905
 []\T1/zi4/m/n/9 this.ForecastData <- makeForecastData(.predCalibration=calibra
tionSample[,c("LMER", "SAE", "GLM")],[] 

Overfull \hbox (52.9809pt too wide) in paragraph at lines 906--906
 []\T1/zi4/m/n/9 .outcomeCalibration=calibrationSample[,"Insurgency"],.predTest
=testSample[,c("LMER", "SAE", "GLM")],[] 
(/usr/local/texlive/2014/texmf-dist/tex/latex/base/utf8.def) [14]
(/usr/local/texlive/2014/texmf-dist/tex/latex/base/utf8.def)pdfTeX warning (ext
4): destination with the same identifier (name{Rfn.testSample}) has been alread
y used, duplicate ignored
<to be read again> 
                   \relax 
l.965 ...testSample}{Test sample data}{testSample}
                                                  pdfTeX warning (ext4): destin
ation with the same identifier (name{Rfn.testSample.1}) has been already used, 
duplicate ignored
<to be read again> 
                   \relax 
l.965 ...testSample}{Test sample data}{testSample}
                                                   (./Rd2.ind [15]

LaTeX Font Warning: Font shape `T1/zi4/m/it' undefined
(Font)              using `T1/zi4/m/n' instead on input line 11.


Overfull \hbox (15.8567pt too wide) in paragraph at lines 50--52
[]\T1/zi4/m/it/10 getOutcomeCalibration,ForecastData-method 

Overfull \hbox (0.8567pt too wide) in paragraph at lines 54--56
[]\T1/zi4/m/it/10 getPredCalibration,ForecastData-method 

Overfull \hbox (15.8567pt too wide) in paragraph at lines 93--95
[]\T1/zi4/m/it/10 setOutcomeCalibration,ForecastData-method 

Overfull \hbox (25.8567pt too wide) in paragraph at lines 97--99
[]\T1/zi4/m/it/10 setOutcomeCalibration<-,ForecastData-method 

Overfull \hbox (0.8567pt too wide) in paragraph at lines 105--107
[]\T1/zi4/m/it/10 setPredCalibration,ForecastData-method 

Overfull \hbox (10.8567pt too wide) in paragraph at lines 109--111
[]\T1/zi4/m/it/10 setPredCalibration<-,ForecastData-method 
[16] [17]) (./Rd2.aux)

LaTeX Font Warning: Some font shapes were not available, defaults substituted.

 )
(see the transcript file for additional information)pdfTeX warning (dest): name
{Rfn.plot.window} has been referenced but does not exist, replaced by a fixed o
ne

pdfTeX warning (dest): name{Rfn.title} has been referenced but does not exist, 
replaced by a fixed one

pdfTeX warning (dest): name{Rfn.plot.factor} has been referenced but does not e
xist, replaced by a fixed one

pdfTeX warning (dest): name{Rfn.par} has been referenced but does not exist, re
placed by a fixed one

pdfTeX warning (dest): name{Rfn.graphical\040parameters} has been referenced bu
t does not exist, replaced by a fixed one

{/usr/local/texlive/2014/texmf-dist/fonts/enc/dvips/inconsolata/i4-ts1.enc}{/us
r/local/texlive/2014/texmf-dist/fonts/enc/dvips/base/8r.enc}{/usr/local/texlive
/2014/texmf-dist/fonts/enc/dvips/inconsolata/i4-t1-0.enc}</usr/local/texlive/20
14/texmf-dist/fonts/type1/public/inconsolata/Inconsolata-zi4r.pfb></usr/local/t
exlive/2014/texmf-dist/fonts/type1/public/amsfonts/cm/cmmi10.pfb></usr/local/te
xlive/2014/texmf-dist/fonts/type1/public/amsfonts/cm/cmsy10.pfb></usr/local/tex
live/2014/texmf-dist/fonts/type1/urw/helvetic/uhvr8a.pfb></usr/local/texlive/20
14/texmf-dist/fonts/type1/urw/times/utmb8a.pfb></usr/local/texlive/2014/texmf-d
ist/fonts/type1/urw/times/utmr8a.pfb></usr/local/texlive/2014/texmf-dist/fonts/
type1/urw/times/utmr8a.pfb></usr/local/texlive/2014/texmf-dist/fonts/type1/urw/
times/utmri8a.pfb>
Output written on Rd2.pdf (17 pages, 129555 bytes).
Transcript written on Rd2.log.
Saving output to 'EBMAforecast-manual.pdf' ...
Done
You may want to clean up by 'rm -rf /var/folders/_j/4xc9sf991xg_p0cnjhsr_y_c0000gn/T//RtmpAJW0y9/Rd2pdf6f606cf7bddb'
